Running:
src/main.py --output_dir experiments --comment finetune for classification --name SpokenArabicDigits_finetuned --records_file Classification_records.xls --data_dir Datasets/Classification/SpokenArabicDigits/ --data_class tsra --pattern TRAIN --val_pattern TEST --epochs 100 --lr 0.001 --optimizer RAdam --batch_size 128 --pos_encoding learnable --d_model 64 --dim_feedforward 256 --num_heads 8 --num_layers 3 --load_model /vol/fob-vol4/mi17/christod/Zeitreihenanalyse/mvts_transformer_AMZ/experiments/Sp_Arab_Digits_pretraining_best_params_batch_128_epochs_700_2024-01-14_22-26-29_9OQ/checkpoints/model_best.pth --task classification --change_output --key_metric accuracy

{'config_filepath': None, 'output_dir': 'experiments/SpokenArabicDigits_finetuned_2024-01-14_23-24-23_8Jx', 'data_dir': 'Datasets/Classification/SpokenArabicDigits/', 'load_model': '/vol/fob-vol4/mi17/christod/Zeitreihenanalyse/mvts_transformer_AMZ/experiments/Sp_Arab_Digits_pretraining_best_params_batch_128_epochs_700_2024-01-14_22-26-29_9OQ/checkpoints/model_best.pth', 'resume': False, 'change_output': True, 'save_all': False, 'experiment_name': 'SpokenArabicDigits_finetuned', 'comment': 'finetune for classification', 'no_timestamp': False, 'records_file': 'Classification_records.xls', 'console': False, 'print_interval': 1, 'gpu': '0', 'n_proc': -1, 'num_workers': 0, 'seed': None, 'limit_size': None, 'test_only': None, 'data_class': 'tsra', 'labels': None, 'test_from': None, 'test_ratio': 0, 'val_ratio': 0, 'pattern': 'TRAIN', 'val_pattern': 'TEST', 'test_pattern': None, 'normalization': 'standardization', 'norm_from': None, 'subsample_factor': None, 'task': 'classification', 'masking_ratio': 0.15, 'mean_mask_length': 3, 'mask_mode': 'separate', 'mask_distribution': 'geometric', 'exclude_feats': None, 'mask_feats': [0, 1], 'start_hint': 0.0, 'end_hint': 0.0, 'harden': False, 'epochs': 100, 'val_interval': 2, 'optimizer': 'RAdam', 'lr': 0.001, 'lr_step': [1000000], 'lr_factor': [0.1], 'batch_size': 128, 'l2_reg': 0, 'global_reg': False, 'key_metric': 'accuracy', 'freeze': False, 'model': 'transformer', 'max_seq_len': None, 'data_window_len': None, 'd_model': 64, 'dim_feedforward': 256, 'num_heads': 8, 'num_layers': 3, 'dropout': 0.1, 'pos_encoding': 'learnable', 'activation': 'gelu', 'normalization_layer': 'BatchNorm', 'initial_timestamp': '2024-01-14_23-24-23', 'save_dir': 'experiments/SpokenArabicDigits_finetuned_2024-01-14_23-24-23_8Jx/checkpoints', 'pred_dir': 'experiments/SpokenArabicDigits_finetuned_2024-01-14_23-24-23_8Jx/predictions', 'tensorboard_dir': 'experiments/SpokenArabicDigits_finetuned_2024-01-14_23-24-23_8Jx/tb_summaries'}
Using device: cuda
Loading and preprocessing data ...
Not all samples have same length: maximum length set to 93
6599 samples may be used for training
2199 samples will be used for validation
0 samples will be used for testing
Creating model ...
Model:
TSTransformerEncoderClassiregressor(
  (project_inp): Linear(in_features=13, out_features=64, bias=True)
  (pos_enc): LearnablePositionalEncoding(
    (dropout): Dropout(p=0.1, inplace=False)
  )
  (transformer_encoder): TransformerEncoder(
    (layers): ModuleList(
      (0-2): 3 x TransformerBatchNormEncoderLayer(
        (self_attn): MultiheadAttention(
          (out_proj): NonDynamicallyQuantizableLinear(in_features=64, out_features=64, bias=True)
        )
        (linear1): Linear(in_features=64, out_features=256, bias=True)
        (dropout): Dropout(p=0.1, inplace=False)
        (linear2): Linear(in_features=256, out_features=64, bias=True)
        (norm1): BatchNorm1d(64, eps=1e-05, momentum=0.1, affine=True, track_running_stats=True)
        (norm2): BatchNorm1d(64, eps=1e-05, momentum=0.1, affine=True, track_running_stats=True)
        (dropout1): Dropout(p=0.1, inplace=False)
        (dropout2): Dropout(p=0.1, inplace=False)
      )
    )
  )
  (dropout1): Dropout(p=0.1, inplace=False)
  (output_layer): Linear(in_features=5952, out_features=10, bias=True)
)
Total number of parameters: 216330
Trainable parameters: 216330
Evaluating on validation set ...
Validation runtime: 0.0 hours, 0.0 minutes, 1.0804224014282227 seconds

Avg val. time: 0.0 hours, 0.0 minutes, 1.0804224014282227 seconds
Avg batch val. time: 0.06002346674601237 seconds
Avg sample val. time: 0.0004913244208404832 seconds
Epoch 0 Validation Summary: epoch: 0.000000 | loss: 2.299387 | accuracy: 0.134607 | precision: 0.127458 | 
Starting training...
Epoch 1 Training Summary: epoch: 1.000000 | loss: 2.080542 | 
Epoch runtime: 0.0 hours, 0.0 minutes, 2.2094733715057373 seconds

Avg epoch train. time: 0.0 hours, 0.0 minutes, 2.2094733715057373 seconds
Avg batch train. time: 0.04248987252895649 seconds
Avg sample train. time: 0.0003348194228679705 seconds
Evaluating on validation set ...
Validation runtime: 0.0 hours, 0.0 minutes, 0.4541752338409424 seconds

Avg val. time: 0.0 hours, 0.0 minutes, 0.7672988176345825 seconds
Avg batch val. time: 0.04262771209081014 seconds
Avg sample val. time: 0.0003489307947406014 seconds
Epoch 1 Validation Summary: epoch: 1.000000 | loss: 1.844819 | accuracy: 0.539791 | precision: 0.555938 | 
Epoch 2 Training Summary: epoch: 2.000000 | loss: 0.794225 | 
Epoch runtime: 0.0 hours, 0.0 minutes, 1.8046746253967285 seconds

Avg epoch train. time: 0.0 hours, 0.0 minutes, 2.007073998451233 seconds
Avg batch train. time: 0.03859757689329294 seconds
Avg sample train. time: 0.0003041482040386775 seconds
Evaluating on validation set ...
Validation runtime: 0.0 hours, 0.0 minutes, 0.42487668991088867 seconds

Avg val. time: 0.0 hours, 0.0 minutes, 0.6531581083933512 seconds
Avg batch val. time: 0.0362865615774084 seconds
Avg sample val. time: 0.0002970250606609146 seconds
Epoch 2 Validation Summary: epoch: 2.000000 | loss: 1.003807 | accuracy: 0.689859 | precision: 0.726992 | 
Epoch 3 Training Summary: epoch: 3.000000 | loss: 0.145632 | 
Epoch runtime: 0.0 hours, 0.0 minutes, 1.7607295513153076 seconds

Avg epoch train. time: 0.0 hours, 0.0 minutes, 1.9249591827392578 seconds
Avg batch train. time: 0.0370184458219088 seconds
Avg sample train. time: 0.0002917046799119954 seconds
Epoch 4 Training Summary: epoch: 4.000000 | loss: 0.051856 | 
Epoch runtime: 0.0 hours, 0.0 minutes, 1.8922855854034424 seconds

Avg epoch train. time: 0.0 hours, 0.0 minutes, 1.916790783405304 seconds
Avg batch train. time: 0.03686136121933277 seconds
Avg sample train. time: 0.00029046685610021277 seconds
Evaluating on validation set ...
Validation runtime: 0.0 hours, 0.0 minutes, 0.5599973201751709 seconds

Avg val. time: 0.0 hours, 0.0 minutes, 0.6298679113388062 seconds
Avg batch val. time: 0.03499266174104479 seconds
Avg sample val. time: 0.00028643379324184 seconds
Epoch 4 Validation Summary: epoch: 4.000000 | loss: 0.656286 | accuracy: 0.817644 | precision: 0.870924 | 
Epoch 5 Training Summary: epoch: 5.000000 | loss: 0.026269 | 
Epoch runtime: 0.0 hours, 0.0 minutes, 1.852365493774414 seconds

Avg epoch train. time: 0.0 hours, 0.0 minutes, 1.903905725479126 seconds
Avg batch train. time: 0.03661357164382935 seconds
Avg sample train. time: 0.00028851427875119354 seconds
Epoch 6 Training Summary: epoch: 6.000000 | loss: 0.016870 | 
Epoch runtime: 0.0 hours, 0.0 minutes, 1.5926659107208252 seconds

Avg epoch train. time: 0.0 hours, 0.0 minutes, 1.8520324230194092 seconds
Avg batch train. time: 0.035616008134988636 seconds
Avg sample train. time: 0.0002806534964417956 seconds
Evaluating on validation set ...
Validation runtime: 0.0 hours, 0.0 minutes, 0.42214083671569824 seconds

Avg val. time: 0.0 hours, 0.0 minutes, 0.5883224964141845 seconds
Avg batch val. time: 0.03268458313412136 seconds
Avg sample val. time: 0.0002675409260637492 seconds
Epoch 6 Validation Summary: epoch: 6.000000 | loss: 0.635473 | accuracy: 0.823556 | precision: 0.870223 | 
Epoch 7 Training Summary: epoch: 7.000000 | loss: 0.011268 | 
Epoch runtime: 0.0 hours, 0.0 minutes, 1.5973949432373047 seconds

Avg epoch train. time: 0.0 hours, 0.0 minutes, 1.8156556401933943 seconds
Avg batch train. time: 0.03491645461910374 seconds
Avg sample train. time: 0.00027514102745770485 seconds
Epoch 8 Training Summary: epoch: 8.000000 | loss: 0.007006 | 
Epoch runtime: 0.0 hours, 0.0 minutes, 2.1823084354400635 seconds

Avg epoch train. time: 0.0 hours, 0.0 minutes, 1.861487239599228 seconds
Avg batch train. time: 0.03579783153075438 seconds
Avg sample train. time: 0.00028208626149404877 seconds
Evaluating on validation set ...
Validation runtime: 0.0 hours, 0.0 minutes, 0.3834531307220459 seconds

Avg val. time: 0.0 hours, 0.0 minutes, 0.5541776021321615 seconds
Avg batch val. time: 0.03078764456289786 seconds
Avg sample val. time: 0.0002520134616335432 seconds
Epoch 8 Validation Summary: epoch: 8.000000 | loss: 0.522945 | accuracy: 0.854479 | precision: 0.886833 | 
Epoch 9 Training Summary: epoch: 9.000000 | loss: 0.005614 | 
Epoch runtime: 0.0 hours, 0.0 minutes, 1.682002305984497 seconds

Avg epoch train. time: 0.0 hours, 0.0 minutes, 1.841544469197591 seconds
Avg batch train. time: 0.03541431671533829 seconds
Avg sample train. time: 0.0002790641717226233 seconds
Epoch 10 Training Summary: epoch: 10.000000 | loss: 0.005538 | 
Epoch runtime: 0.0 hours, 0.0 minutes, 1.7032694816589355 seconds

Avg epoch train. time: 0.0 hours, 0.0 minutes, 1.8277169704437255 seconds
Avg batch train. time: 0.03514840327776395 seconds
Avg sample train. time: 0.00027696877867005996 seconds
Evaluating on validation set ...
Validation runtime: 0.0 hours, 0.0 minutes, 0.514801025390625 seconds

Avg val. time: 0.0 hours, 0.0 minutes, 0.5485523768833706 seconds
Avg batch val. time: 0.03047513204907614 seconds
Avg sample val. time: 0.0002494553783007597 seconds
Epoch 10 Validation Summary: epoch: 10.000000 | loss: 0.580312 | accuracy: 0.845839 | precision: 0.882088 | 
Epoch 11 Training Summary: epoch: 11.000000 | loss: 0.003138 | 
Epoch runtime: 0.0 hours, 0.0 minutes, 2.0338778495788574 seconds

Avg epoch train. time: 0.0 hours, 0.0 minutes, 1.8464588685469194 seconds
Avg batch train. time: 0.035508824395133066 seconds
Avg sample train. time: 0.0002798088905208243 seconds
Epoch 12 Training Summary: epoch: 12.000000 | loss: 0.001681 | 
Epoch runtime: 0.0 hours, 0.0 minutes, 1.8842558860778809 seconds

Avg epoch train. time: 0.0 hours, 0.0 minutes, 1.8496086200078328 seconds
Avg batch train. time: 0.03556939653861217 seconds
Avg sample train. time: 0.000280286197909961 seconds
Evaluating on validation set ...
Validation runtime: 0.0 hours, 0.0 minutes, 0.3949151039123535 seconds

Avg val. time: 0.0 hours, 0.0 minutes, 0.5293477177619934 seconds
Avg batch val. time: 0.029408206542332966 seconds
Avg sample val. time: 0.00024072201808185238 seconds
Epoch 12 Validation Summary: epoch: 12.000000 | loss: 0.483135 | accuracy: 0.876762 | precision: 0.904572 | 
Epoch 13 Training Summary: epoch: 13.000000 | loss: 0.002131 | 
Epoch runtime: 0.0 hours, 0.0 minutes, 1.6595127582550049 seconds

Avg epoch train. time: 0.0 hours, 0.0 minutes, 1.8349858614114614 seconds
Avg batch train. time: 0.035288189642528105 seconds
Avg sample train. time: 0.00027807029268244604 seconds
Epoch 14 Training Summary: epoch: 14.000000 | loss: 0.002022 | 
Epoch runtime: 0.0 hours, 0.0 minutes, 2.096698760986328 seconds

Avg epoch train. time: 0.0 hours, 0.0 minutes, 1.8536796399525233 seconds
Avg batch train. time: 0.035647685383702374 seconds
Avg sample train. time: 0.00028090311258562256 seconds
Evaluating on validation set ...
Validation runtime: 0.0 hours, 0.0 minutes, 0.4838602542877197 seconds

Avg val. time: 0.0 hours, 0.0 minutes, 0.5242935551537408 seconds
Avg batch val. time: 0.029127419730763375 seconds
Avg sample val. time: 0.0002384236267183905 seconds
Epoch 14 Validation Summary: epoch: 14.000000 | loss: 0.527720 | accuracy: 0.857663 | precision: 0.887134 | 
Epoch 15 Training Summary: epoch: 15.000000 | loss: 0.002739 | 
Epoch runtime: 0.0 hours, 0.0 minutes, 1.6404147148132324 seconds

Avg epoch train. time: 0.0 hours, 0.0 minutes, 1.8394619782765707 seconds
Avg batch train. time: 0.03537426881301097 seconds
Avg sample train. time: 0.0002787485949805381 seconds
Epoch 16 Training Summary: epoch: 16.000000 | loss: 0.003247 | 
Epoch runtime: 0.0 hours, 0.0 minutes, 1.7199945449829102 seconds

Avg epoch train. time: 0.0 hours, 0.0 minutes, 1.8319952636957169 seconds
Avg batch train. time: 0.035230678147994555 seconds
Avg sample train. time: 0.00027761710315134366 seconds
Evaluating on validation set ...
Validation runtime: 0.0 hours, 0.0 minutes, 0.454791784286499 seconds

Avg val. time: 0.0 hours, 0.0 minutes, 0.5173433780670166 seconds
Avg batch val. time: 0.02874129878150092 seconds
Avg sample val. time: 0.0002352630186753145 seconds
Epoch 16 Validation Summary: epoch: 16.000000 | loss: 0.632864 | accuracy: 0.835380 | precision: 0.879227 | 
Epoch 17 Training Summary: epoch: 17.000000 | loss: 0.001091 | 
Epoch runtime: 0.0 hours, 0.0 minutes, 2.333087682723999 seconds

Avg epoch train. time: 0.0 hours, 0.0 minutes, 1.8614712883444393 seconds
Avg batch train. time: 0.0357975247758546 seconds
Avg sample train. time: 0.00028208384427101673 seconds
Epoch 18 Training Summary: epoch: 18.000000 | loss: 0.000812 | 
Epoch runtime: 0.0 hours, 0.0 minutes, 1.6993341445922852 seconds

Avg epoch train. time: 0.0 hours, 0.0 minutes, 1.8524636692470975 seconds
Avg batch train. time: 0.03562430133167495 seconds
Avg sample train. time: 0.00028071884668087553 seconds
Evaluating on validation set ...
Validation runtime: 0.0 hours, 0.0 minutes, 0.4549276828765869 seconds

Avg val. time: 0.0 hours, 0.0 minutes, 0.5116692239587958 seconds
Avg batch val. time: 0.028426067997710875 seconds
Avg sample val. time: 0.00023268268483801535 seconds
Epoch 18 Validation Summary: epoch: 18.000000 | loss: 0.549659 | accuracy: 0.862665 | precision: 0.892266 | 
Epoch 19 Training Summary: epoch: 19.000000 | loss: 0.002090 | 
Epoch runtime: 0.0 hours, 0.0 minutes, 1.5801043510437012 seconds

Avg epoch train. time: 0.0 hours, 0.0 minutes, 1.838128968289024 seconds
Avg batch train. time: 0.035348634005558155 seconds
Avg sample train. time: 0.0002785465931639679 seconds
Epoch 20 Training Summary: epoch: 20.000000 | loss: 0.002369 | 
Epoch runtime: 0.0 hours, 0.0 minutes, 2.006789207458496 seconds

Avg epoch train. time: 0.0 hours, 0.0 minutes, 1.8465619802474975 seconds
Avg batch train. time: 0.035510807312451875 seconds
Avg sample train. time: 0.000279824515873238 seconds
Evaluating on validation set ...
Validation runtime: 0.0 hours, 0.0 minutes, 0.42047595977783203 seconds

Avg val. time: 0.0 hours, 0.0 minutes, 0.5040697852770487 seconds
Avg batch val. time: 0.02800387695983604 seconds
Avg sample val. time: 0.0002292268236821504 seconds
Epoch 20 Validation Summary: epoch: 20.000000 | loss: 0.636279 | accuracy: 0.854025 | precision: 0.892030 | 
Epoch 21 Training Summary: epoch: 21.000000 | loss: 0.002875 | 
Epoch runtime: 0.0 hours, 0.0 minutes, 1.6572508811950684 seconds

Avg epoch train. time: 0.0 hours, 0.0 minutes, 1.8375471660069056 seconds
Avg batch train. time: 0.0353374455001328 seconds
Avg sample train. time: 0.0002784584279446743 seconds
Epoch 22 Training Summary: epoch: 22.000000 | loss: 0.006655 | 
Epoch runtime: 0.0 hours, 0.0 minutes, 1.7564952373504639 seconds

Avg epoch train. time: 0.0 hours, 0.0 minutes, 1.8338629874316128 seconds
Avg batch train. time: 0.0352665959121464 seconds
Avg sample train. time: 0.000277900134479711 seconds
Evaluating on validation set ...
Validation runtime: 0.0 hours, 0.0 minutes, 0.43018388748168945 seconds

Avg val. time: 0.0 hours, 0.0 minutes, 0.4983862546774057 seconds
Avg batch val. time: 0.027688125259855874 seconds
Avg sample val. time: 0.00022664222586512312 seconds
Epoch 22 Validation Summary: epoch: 22.000000 | loss: 0.638307 | accuracy: 0.838563 | precision: 0.874974 | 
Epoch 23 Training Summary: epoch: 23.000000 | loss: 0.006156 | 
Epoch runtime: 0.0 hours, 0.0 minutes, 2.2650065422058105 seconds

Avg epoch train. time: 0.0 hours, 0.0 minutes, 1.8526083593783171 seconds
Avg batch train. time: 0.03562708383419841 seconds
Avg sample train. time: 0.00028074077275016174 seconds
Epoch 24 Training Summary: epoch: 24.000000 | loss: 0.002057 | 
Epoch runtime: 0.0 hours, 0.0 minutes, 2.0404980182647705 seconds

Avg epoch train. time: 0.0 hours, 0.0 minutes, 1.8604370951652527 seconds
Avg batch train. time: 0.03577763644548563 seconds
Avg sample train. time: 0.00028192712458937003 seconds
Evaluating on validation set ...
Validation runtime: 0.0 hours, 0.0 minutes, 0.49634385108947754 seconds

Avg val. time: 0.0 hours, 0.0 minutes, 0.4982403687068394 seconds
Avg batch val. time: 0.0276800204837133 seconds
Avg sample val. time: 0.00022657588390488377 seconds
Epoch 24 Validation Summary: epoch: 24.000000 | loss: 0.840096 | accuracy: 0.827649 | precision: 0.870824 | 
Epoch 25 Training Summary: epoch: 25.000000 | loss: 0.003215 | 
Epoch runtime: 0.0 hours, 0.0 minutes, 1.6328060626983643 seconds

Avg epoch train. time: 0.0 hours, 0.0 minutes, 1.851331853866577 seconds
Avg batch train. time: 0.035602535651280326 seconds
Avg sample train. time: 0.0002805473335151655 seconds
Epoch 26 Training Summary: epoch: 26.000000 | loss: 0.003004 | 
Epoch runtime: 0.0 hours, 0.0 minutes, 2.109201192855835 seconds

Avg epoch train. time: 0.0 hours, 0.0 minutes, 1.861249905366164 seconds
Avg batch train. time: 0.03579326741088777 seconds
Avg sample train. time: 0.00028205029631249646 seconds
Evaluating on validation set ...
Validation runtime: 0.0 hours, 0.0 minutes, 0.4687621593475342 seconds

Avg val. time: 0.0 hours, 0.0 minutes, 0.4962751547495524 seconds
Avg batch val. time: 0.02757084193053069 seconds
Avg sample val. time: 0.00022568219861280236 seconds
Epoch 26 Validation Summary: epoch: 26.000000 | loss: 0.770837 | accuracy: 0.847203 | precision: 0.884519 | 
Epoch 27 Training Summary: epoch: 27.000000 | loss: 0.001152 | 
Epoch runtime: 0.0 hours, 0.0 minutes, 1.5464692115783691 seconds

Avg epoch train. time: 0.0 hours, 0.0 minutes, 1.8495913611518011 seconds
Avg batch train. time: 0.035569064637534634 seconds
Avg sample train. time: 0.00028028358253550555 seconds
Epoch 28 Training Summary: epoch: 28.000000 | loss: 0.001023 | 
Epoch runtime: 0.0 hours, 0.0 minutes, 1.6362128257751465 seconds

Avg epoch train. time: 0.0 hours, 0.0 minutes, 1.8419706991740636 seconds
Avg batch train. time: 0.03542251344565507 seconds
Avg sample train. time: 0.00027912876180846545 seconds
Evaluating on validation set ...
Validation runtime: 0.0 hours, 0.0 minutes, 0.4380683898925781 seconds

Avg val. time: 0.0 hours, 0.0 minutes, 0.4926372319459915 seconds
Avg batch val. time: 0.02736873510811064 seconds
Avg sample val. time: 0.0002240278453597051 seconds
Epoch 28 Validation Summary: epoch: 28.000000 | loss: 0.707044 | accuracy: 0.851296 | precision: 0.886165 | 
Epoch 29 Training Summary: epoch: 29.000000 | loss: 0.000796 | 
Epoch runtime: 0.0 hours, 0.0 minutes, 1.7478480339050293 seconds

Avg epoch train. time: 0.0 hours, 0.0 minutes, 1.8387250900268555 seconds
Avg batch train. time: 0.035360097885131836 seconds
Avg sample train. time: 0.0002786369283265427 seconds
Epoch 30 Training Summary: epoch: 30.000000 | loss: 0.000311 | 
Epoch runtime: 0.0 hours, 0.0 minutes, 1.9857847690582275 seconds

Avg epoch train. time: 0.0 hours, 0.0 minutes, 1.8436270793279013 seconds
Avg batch train. time: 0.03545436691015195 seconds
Avg sample train. time: 0.0002793797665294592 seconds
Evaluating on validation set ...
Validation runtime: 0.0 hours, 0.0 minutes, 0.5314373970031738 seconds

Avg val. time: 0.0 hours, 0.0 minutes, 0.494919594596414 seconds
Avg batch val. time: 0.02749553303313411 seconds
Avg sample val. time: 0.0002250657547050541 seconds
Epoch 30 Validation Summary: epoch: 30.000000 | loss: 0.680327 | accuracy: 0.855844 | precision: 0.885124 | 
Epoch 31 Training Summary: epoch: 31.000000 | loss: 0.000178 | 
Epoch runtime: 0.0 hours, 0.0 minutes, 1.5665717124938965 seconds

Avg epoch train. time: 0.0 hours, 0.0 minutes, 1.8346898094300301 seconds
Avg batch train. time: 0.035282496335192884 seconds
Avg sample train. time: 0.0002780254295241749 seconds
Epoch 32 Training Summary: epoch: 32.000000 | loss: 0.000143 | 
Epoch runtime: 0.0 hours, 0.0 minutes, 2.3990068435668945 seconds

Avg epoch train. time: 0.0 hours, 0.0 minutes, 1.852324716746807 seconds
Avg batch train. time: 0.03562162916820783 seconds
Avg sample train. time: 0.00028069779008134675 seconds
Evaluating on validation set ...
Validation runtime: 0.0 hours, 0.0 minutes, 0.41480135917663574 seconds

Avg val. time: 0.0 hours, 0.0 minutes, 0.4904685815175374 seconds
Avg batch val. time: 0.02724825452875208 seconds
Avg sample val. time: 0.00022304164689292288 seconds
Epoch 32 Validation Summary: epoch: 32.000000 | loss: 0.693045 | accuracy: 0.861755 | precision: 0.891573 | 
Epoch 33 Training Summary: epoch: 33.000000 | loss: 0.000178 | 
Epoch runtime: 0.0 hours, 0.0 minutes, 1.7023978233337402 seconds

Avg epoch train. time: 0.0 hours, 0.0 minutes, 1.8477814775524717 seconds
Avg batch train. time: 0.03553425918370138 seconds
Avg sample train. time: 0.00028000931619222183 seconds
Epoch 34 Training Summary: epoch: 34.000000 | loss: 0.000945 | 
Epoch runtime: 0.0 hours, 0.0 minutes, 1.5573971271514893 seconds

Avg epoch train. time: 0.0 hours, 0.0 minutes, 1.8392407613642074 seconds
Avg batch train. time: 0.035370014641619374 seconds
Avg sample train. time: 0.0002787150721873325 seconds
Evaluating on validation set ...
Validation runtime: 0.0 hours, 0.0 minutes, 0.4491152763366699 seconds

Avg val. time: 0.0 hours, 0.0 minutes, 0.488292091771176 seconds
Avg batch val. time: 0.027127338431731998 seconds
Avg sample val. time: 0.00022205188347938881 seconds
Epoch 34 Validation Summary: epoch: 34.000000 | loss: 0.807176 | accuracy: 0.834015 | precision: 0.872323 | 
Epoch 35 Training Summary: epoch: 35.000000 | loss: 0.000625 | 
Epoch runtime: 0.0 hours, 0.0 minutes, 1.6993329524993896 seconds

Avg epoch train. time: 0.0 hours, 0.0 minutes, 1.8352433953966414 seconds
Avg batch train. time: 0.03529314221916618 seconds
Avg sample train. time: 0.0002781093188962936 seconds
Epoch 36 Training Summary: epoch: 36.000000 | loss: 0.000892 | 
Epoch runtime: 0.0 hours, 0.0 minutes, 2.0808591842651367 seconds

Avg epoch train. time: 0.0 hours, 0.0 minutes, 1.842066056198544 seconds
Avg batch train. time: 0.035424347234587386 seconds
Avg sample train. time: 0.00027914321203190547 seconds
Evaluating on validation set ...
Validation runtime: 0.0 hours, 0.0 minutes, 0.4585075378417969 seconds

Avg val. time: 0.0 hours, 0.0 minutes, 0.486802864074707 seconds
Avg batch val. time: 0.027044603559705945 seconds
Avg sample val. time: 0.00022137465396757937 seconds
Epoch 36 Validation Summary: epoch: 36.000000 | loss: 0.840542 | accuracy: 0.849477 | precision: 0.882987 | 
Epoch 37 Training Summary: epoch: 37.000000 | loss: 0.006016 | 
Epoch runtime: 0.0 hours, 0.0 minutes, 1.5948715209960938 seconds

Avg epoch train. time: 0.0 hours, 0.0 minutes, 1.835385122814694 seconds
Avg batch train. time: 0.03529586774643642 seconds
Avg sample train. time: 0.00027813079600162054 seconds
Epoch 38 Training Summary: epoch: 38.000000 | loss: 0.014654 | 
Epoch runtime: 0.0 hours, 0.0 minutes, 1.6074607372283936 seconds

Avg epoch train. time: 0.0 hours, 0.0 minutes, 1.8293871126676862 seconds
Avg batch train. time: 0.035180521397455505 seconds
Avg sample train. time: 0.00027722186886917503 seconds
Evaluating on validation set ...
Validation runtime: 0.0 hours, 0.0 minutes, 0.5117549896240234 seconds

Avg val. time: 0.0 hours, 0.0 minutes, 0.48799106052943636 seconds
Avg batch val. time: 0.027110614473857576 seconds
Avg sample val. time: 0.00022191498887195833 seconds
Epoch 38 Validation Summary: epoch: 38.000000 | loss: 0.493172 | accuracy: 0.872669 | precision: 0.896065 | 
Epoch 39 Training Summary: epoch: 39.000000 | loss: 0.016319 | 
Epoch runtime: 0.0 hours, 0.0 minutes, 1.6063828468322754 seconds

Avg epoch train. time: 0.0 hours, 0.0 minutes, 1.8236690545693421 seconds
Avg batch train. time: 0.03507055874171812 seconds
Avg sample train. time: 0.00027635536514158845 seconds
Epoch 40 Training Summary: epoch: 40.000000 | loss: 0.005525 | 
Epoch runtime: 0.0 hours, 0.0 minutes, 1.683089256286621 seconds

Avg epoch train. time: 0.0 hours, 0.0 minutes, 1.8201545596122741 seconds
Avg batch train. time: 0.03500297230023604 seconds
Avg sample train. time: 0.0002758227852117403 seconds
Evaluating on validation set ...
Validation runtime: 0.0 hours, 0.0 minutes, 0.5722978115081787 seconds

Avg val. time: 0.0 hours, 0.0 minutes, 0.4918231855739247 seconds
Avg batch val. time: 0.027323510309662482 seconds
Avg sample val. time: 0.0002236576560136083 seconds
Epoch 40 Validation Summary: epoch: 40.000000 | loss: 0.599571 | accuracy: 0.859482 | precision: 0.891583 | 
Epoch 41 Training Summary: epoch: 41.000000 | loss: 0.000995 | 
Epoch runtime: 0.0 hours, 0.0 minutes, 2.367602586746216 seconds

Avg epoch train. time: 0.0 hours, 0.0 minutes, 1.83350695051798 seconds
Avg batch train. time: 0.03525974904842269 seconds
Avg sample train. time: 0.00027784618131807546 seconds
Epoch 42 Training Summary: epoch: 42.000000 | loss: 0.000426 | 
Epoch runtime: 0.0 hours, 0.0 minutes, 1.6077625751495361 seconds

Avg epoch train. time: 0.0 hours, 0.0 minutes, 1.828132084437779 seconds
Avg batch train. time: 0.035156386239188056 seconds
Avg sample train. time: 0.00027703168426091514 seconds
Evaluating on validation set ...
Validation runtime: 0.0 hours, 0.0 minutes, 0.4213118553161621 seconds

Avg val. time: 0.0 hours, 0.0 minutes, 0.4887574755627176 seconds
Avg batch val. time: 0.027153193086817642 seconds
Avg sample val. time: 0.0002222635177638552 seconds
Epoch 42 Validation Summary: epoch: 42.000000 | loss: 0.653845 | accuracy: 0.866303 | precision: 0.895353 | 
Epoch 43 Training Summary: epoch: 43.000000 | loss: 0.000162 | 
Epoch runtime: 0.0 hours, 0.0 minutes, 1.6683902740478516 seconds

Avg epoch train. time: 0.0 hours, 0.0 minutes, 1.8244171586147575 seconds
Avg batch train. time: 0.035084945357976106 seconds
Avg sample train. time: 0.0002764687314160869 seconds
Epoch 44 Training Summary: epoch: 44.000000 | loss: 0.000151 | 
Epoch runtime: 0.0 hours, 0.0 minutes, 2.017237901687622 seconds

Avg epoch train. time: 0.0 hours, 0.0 minutes, 1.8287994482300498 seconds
Avg batch train. time: 0.03516922015827019 seconds
Avg sample train. time: 0.000277132815309903 seconds
Evaluating on validation set ...
Validation runtime: 0.0 hours, 0.0 minutes, 0.39330410957336426 seconds

Avg val. time: 0.0 hours, 0.0 minutes, 0.4847802519798279 seconds
Avg batch val. time: 0.02693223622110155 seconds
Avg sample val. time: 0.0002204548667484438 seconds
Epoch 44 Validation Summary: epoch: 44.000000 | loss: 0.688815 | accuracy: 0.864484 | precision: 0.892561 | 
Epoch 45 Training Summary: epoch: 45.000000 | loss: 0.000156 | 
Epoch runtime: 0.0 hours, 0.0 minutes, 1.602569818496704 seconds

Avg epoch train. time: 0.0 hours, 0.0 minutes, 1.8237721231248645 seconds
Avg batch train. time: 0.03507254082932432 seconds
Avg sample train. time: 0.00027637098395588185 seconds
Epoch 46 Training Summary: epoch: 46.000000 | loss: 0.000132 | 
Epoch runtime: 0.0 hours, 0.0 minutes, 1.66790771484375 seconds

Avg epoch train. time: 0.0 hours, 0.0 minutes, 1.820383766423101 seconds
Avg batch train. time: 0.03500738012352118 seconds
Avg sample train. time: 0.00027585751877907277 seconds
Evaluating on validation set ...
Validation runtime: 0.0 hours, 0.0 minutes, 0.6097440719604492 seconds

Avg val. time: 0.0 hours, 0.0 minutes, 0.4897788047790527 seconds
Avg batch val. time: 0.027209933598836264 seconds
Avg sample val. time: 0.00022272796943112902 seconds
Epoch 46 Validation Summary: epoch: 46.000000 | loss: 0.647491 | accuracy: 0.874488 | precision: 0.898811 | 
Epoch 47 Training Summary: epoch: 47.000000 | loss: 0.000080 | 
Epoch runtime: 0.0 hours, 0.0 minutes, 1.880570650100708 seconds

Avg epoch train. time: 0.0 hours, 0.0 minutes, 1.8216643384162416 seconds
Avg batch train. time: 0.03503200650800465 seconds
Avg sample train. time: 0.0002760515742409822 seconds
Epoch 48 Training Summary: epoch: 48.000000 | loss: 0.000093 | 
Epoch runtime: 0.0 hours, 0.0 minutes, 1.5634057521820068 seconds

Avg epoch train. time: 0.0 hours, 0.0 minutes, 1.8162839512030284 seconds
Avg batch train. time: 0.03492853752313516 seconds
Avg sample train. time: 0.00027523624052175 seconds
Evaluating on validation set ...
Validation runtime: 0.0 hours, 0.0 minutes, 0.38866353034973145 seconds

Avg val. time: 0.0 hours, 0.0 minutes, 0.4858897557625404 seconds
Avg batch val. time: 0.026993875320141133 seconds
Avg sample val. time: 0.0002209594159902412 seconds
Epoch 48 Validation Summary: epoch: 48.000000 | loss: 0.648083 | accuracy: 0.873124 | precision: 0.898927 | 
Epoch 49 Training Summary: epoch: 49.000000 | loss: 0.000058 | 
Epoch runtime: 0.0 hours, 0.0 minutes, 1.5640993118286133 seconds

Avg epoch train. time: 0.0 hours, 0.0 minutes, 1.811137325909673 seconds
Avg batch train. time: 0.034829563959801406 seconds
Avg sample train. time: 0.000274456330642472 seconds
Epoch 50 Training Summary: epoch: 50.000000 | loss: 0.000056 | 
Epoch runtime: 0.0 hours, 0.0 minutes, 2.0317485332489014 seconds

Avg epoch train. time: 0.0 hours, 0.0 minutes, 1.8155495500564576 seconds
Avg batch train. time: 0.03491441442416265 seconds
Avg sample train. time: 0.00027512495075866913 seconds
Evaluating on validation set ...
Validation runtime: 0.0 hours, 0.0 minutes, 0.4093286991119385 seconds

Avg val. time: 0.0 hours, 0.0 minutes, 0.48305416107177734 seconds
Avg batch val. time: 0.02683634228176541 seconds
Avg sample val. time: 0.00021966992317952585 seconds
Epoch 50 Validation Summary: epoch: 50.000000 | loss: 0.618104 | accuracy: 0.878126 | precision: 0.901485 | 
Epoch 51 Training Summary: epoch: 51.000000 | loss: 0.000051 | 
Epoch runtime: 0.0 hours, 0.0 minutes, 1.621417760848999 seconds

Avg epoch train. time: 0.0 hours, 0.0 minutes, 1.811743044385723 seconds
Avg batch train. time: 0.03484121239203313 seconds
Avg sample train. time: 0.0002745481200766363 seconds
Epoch 52 Training Summary: epoch: 52.000000 | loss: 0.000049 | 
Epoch runtime: 0.0 hours, 0.0 minutes, 1.5590810775756836 seconds

Avg epoch train. time: 0.0 hours, 0.0 minutes, 1.806884160408607 seconds
Avg batch train. time: 0.03474777231555014 seconds
Avg sample train. time: 0.0002738118139731182 seconds
Evaluating on validation set ...
Validation runtime: 0.0 hours, 0.0 minutes, 0.40056777000427246 seconds

Avg val. time: 0.0 hours, 0.0 minutes, 0.48010821853365215 seconds
Avg batch val. time: 0.026672678807425118 seconds
Avg sample val. time: 0.00021833024944686318 seconds
Epoch 52 Validation Summary: epoch: 52.000000 | loss: 0.605432 | accuracy: 0.879036 | precision: 0.901840 | 
Epoch 53 Training Summary: epoch: 53.000000 | loss: 0.000046 | 
Epoch runtime: 0.0 hours, 0.0 minutes, 2.3515992164611816 seconds

Avg epoch train. time: 0.0 hours, 0.0 minutes, 1.8171618029756367 seconds
Avg batch train. time: 0.03494541928799301 seconds
Avg sample train. time: 0.0002753692685218422 seconds
Epoch 54 Training Summary: epoch: 54.000000 | loss: 0.000042 | 
Epoch runtime: 0.0 hours, 0.0 minutes, 1.7191920280456543 seconds

Avg epoch train. time: 0.0 hours, 0.0 minutes, 1.8153475478843406 seconds
Avg batch train. time: 0.03491052976700655 seconds
Avg sample train. time: 0.0002750943397309199 seconds
Evaluating on validation set ...
Validation runtime: 0.0 hours, 0.0 minutes, 0.4496121406555176 seconds

Avg val. time: 0.0 hours, 0.0 minutes, 0.4790566296413027 seconds
Avg batch val. time: 0.026614257202294593 seconds
Avg sample val. time: 0.00021785203712655876 seconds
Epoch 54 Validation Summary: epoch: 54.000000 | loss: 0.677241 | accuracy: 0.874943 | precision: 0.899883 | 
Epoch 55 Training Summary: epoch: 55.000000 | loss: 0.000027 | 
Epoch runtime: 0.0 hours, 0.0 minutes, 1.6342520713806152 seconds

Avg epoch train. time: 0.0 hours, 0.0 minutes, 1.812054902857 seconds
Avg batch train. time: 0.03484720967032692 seconds
Avg sample train. time: 0.0002745953785205334 seconds
Epoch 56 Training Summary: epoch: 56.000000 | loss: 0.000024 | 
Epoch runtime: 0.0 hours, 0.0 minutes, 1.7985002994537354 seconds

Avg epoch train. time: 0.0 hours, 0.0 minutes, 1.811812856367656 seconds
Avg batch train. time: 0.034842554930147235 seconds
Avg sample train. time: 0.00027455869925256194 seconds
Evaluating on validation set ...
Validation runtime: 0.0 hours, 0.0 minutes, 0.6367547512054443 seconds

Avg val. time: 0.0 hours, 0.0 minutes, 0.48431323369344076 seconds
Avg batch val. time: 0.026906290760746708 seconds
Avg sample val. time: 0.00022024248917391575 seconds
Epoch 56 Validation Summary: epoch: 56.000000 | loss: 0.652605 | accuracy: 0.876762 | precision: 0.901571 | 
Epoch 57 Training Summary: epoch: 57.000000 | loss: 0.000025 | 
Epoch runtime: 0.0 hours, 0.0 minutes, 1.6659882068634033 seconds

Avg epoch train. time: 0.0 hours, 0.0 minutes, 1.809254529183371 seconds
Avg batch train. time: 0.03479335633044944 seconds
Avg sample train. time: 0.0002741710151815989 seconds
Epoch 58 Training Summary: epoch: 58.000000 | loss: 0.000025 | 
Epoch runtime: 0.0 hours, 0.0 minutes, 1.6158561706542969 seconds

Avg epoch train. time: 0.0 hours, 0.0 minutes, 1.8059200747259732 seconds
Avg batch train. time: 0.034729232206268716 seconds
Avg sample train. time: 0.0002736657182491246 seconds
Evaluating on validation set ...
Validation runtime: 0.0 hours, 0.0 minutes, 0.4914102554321289 seconds

Avg val. time: 0.0 hours, 0.0 minutes, 0.48454216987855975 seconds
Avg batch val. time: 0.026919009437697764 seconds
Avg sample val. time: 0.00022034659839861745 seconds
Epoch 58 Validation Summary: epoch: 58.000000 | loss: 0.666077 | accuracy: 0.873579 | precision: 0.899165 | 
Epoch 59 Training Summary: epoch: 59.000000 | loss: 0.000018 | 
Epoch runtime: 0.0 hours, 0.0 minutes, 1.7065865993499756 seconds

Avg epoch train. time: 0.0 hours, 0.0 minutes, 1.8042364564992615 seconds
Avg batch train. time: 0.03469685493267811 seconds
Avg sample train. time: 0.00027341058592199747 seconds
Epoch 60 Training Summary: epoch: 60.000000 | loss: 0.000029 | 
Epoch runtime: 0.0 hours, 0.0 minutes, 1.9250459671020508 seconds

Avg epoch train. time: 0.0 hours, 0.0 minutes, 1.8062499483426413 seconds
Avg batch train. time: 0.03473557592966618 seconds
Avg sample train. time: 0.0002737157066741387 seconds
Evaluating on validation set ...
Validation runtime: 0.0 hours, 0.0 minutes, 0.597999095916748 seconds

Avg val. time: 0.0 hours, 0.0 minutes, 0.4880876988172531 seconds
Avg batch val. time: 0.027115983267625172 seconds
Avg sample val. time: 0.00022195893534208874 seconds
Epoch 60 Validation Summary: epoch: 60.000000 | loss: 0.644062 | accuracy: 0.877217 | precision: 0.901457 | 
Epoch 61 Training Summary: epoch: 61.000000 | loss: 0.000028 | 
Epoch runtime: 0.0 hours, 0.0 minutes, 1.7405116558074951 seconds

Avg epoch train. time: 0.0 hours, 0.0 minutes, 1.8051722714158356 seconds
Avg batch train. time: 0.034714851373381456 seconds
Avg sample train. time: 0.0002735523975474823 seconds
Epoch 62 Training Summary: epoch: 62.000000 | loss: 0.000020 | 
Epoch runtime: 0.0 hours, 0.0 minutes, 1.7426056861877441 seconds

Avg epoch train. time: 0.0 hours, 0.0 minutes, 1.8041631329444148 seconds
Avg batch train. time: 0.03469544486431567 seconds
Avg sample train. time: 0.000273399474608943 seconds
Evaluating on validation set ...
Validation runtime: 0.0 hours, 0.0 minutes, 0.4664435386657715 seconds

Avg val. time: 0.0 hours, 0.0 minutes, 0.48743181517629913 seconds
Avg batch val. time: 0.027079545287572174 seconds
Avg sample val. time: 0.00022166067083960852 seconds
Epoch 62 Validation Summary: epoch: 62.000000 | loss: 0.654940 | accuracy: 0.876762 | precision: 0.900909 | 
Epoch 63 Training Summary: epoch: 63.000000 | loss: 0.000025 | 
Epoch runtime: 0.0 hours, 0.0 minutes, 1.971907138824463 seconds

Avg epoch train. time: 0.0 hours, 0.0 minutes, 1.8068257362123519 seconds
Avg batch train. time: 0.03474664877331446 seconds
Avg sample train. time: 0.00027380296048073224 seconds
Epoch 64 Training Summary: epoch: 64.000000 | loss: 0.000021 | 
Epoch runtime: 0.0 hours, 0.0 minutes, 1.7714099884033203 seconds

Avg epoch train. time: 0.0 hours, 0.0 minutes, 1.8062723651528358 seconds
Avg batch train. time: 0.03473600702216992 seconds
Avg sample train. time: 0.00027371910367522895 seconds
Evaluating on validation set ...
Validation runtime: 0.0 hours, 0.0 minutes, 0.5108582973480225 seconds

Avg val. time: 0.0 hours, 0.0 minutes, 0.4881208293578204 seconds
Avg batch val. time: 0.027117823853212247 seconds
Avg sample val. time: 0.00022197400152697608 seconds
Epoch 64 Validation Summary: epoch: 64.000000 | loss: 0.666818 | accuracy: 0.875853 | precision: 0.900375 | 
Epoch 65 Training Summary: epoch: 65.000000 | loss: 0.000019 | 
Epoch runtime: 0.0 hours, 0.0 minutes, 1.5800917148590088 seconds

Avg epoch train. time: 0.0 hours, 0.0 minutes, 1.8027926628406232 seconds
Avg batch train. time: 0.034669089670011984 seconds
Avg sample train. time: 0.00027319179615708795 seconds
Epoch 66 Training Summary: epoch: 66.000000 | loss: 0.000022 | 
Epoch runtime: 0.0 hours, 0.0 minutes, 1.6093471050262451 seconds

Avg epoch train. time: 0.0 hours, 0.0 minutes, 1.7998616695404053 seconds
Avg batch train. time: 0.034612724414238565 seconds
Avg sample train. time: 0.0002727476389665715 seconds
Evaluating on validation set ...
Validation runtime: 0.0 hours, 0.0 minutes, 0.49678587913513184 seconds

Avg val. time: 0.0 hours, 0.0 minutes, 0.4883684022086007 seconds
Avg batch val. time: 0.027131577900477818 seconds
Avg sample val. time: 0.0002220865858156438 seconds
Epoch 66 Validation Summary: epoch: 66.000000 | loss: 0.634667 | accuracy: 0.878126 | precision: 0.901595 | 
Epoch 67 Training Summary: epoch: 67.000000 | loss: 0.000020 | 
Epoch runtime: 0.0 hours, 0.0 minutes, 2.032895565032959 seconds

Avg epoch train. time: 0.0 hours, 0.0 minutes, 1.8033397873835777 seconds
Avg batch train. time: 0.034679611295838034 seconds
Avg sample train. time: 0.0002732747063772659 seconds
Epoch 68 Training Summary: epoch: 68.000000 | loss: 0.000096 | 
Epoch runtime: 0.0 hours, 0.0 minutes, 1.6469480991363525 seconds

Avg epoch train. time: 0.0 hours, 0.0 minutes, 1.801039909615236 seconds
Avg batch train. time: 0.03463538287721608 seconds
Avg sample train. time: 0.0002729261872427998 seconds
Evaluating on validation set ...
Validation runtime: 0.0 hours, 0.0 minutes, 1.0298011302947998 seconds

Avg val. time: 0.0 hours, 0.0 minutes, 0.5034082002109952 seconds
Avg batch val. time: 0.027967122233944177 seconds
Avg sample val. time: 0.00022892596644429067 seconds
Epoch 68 Validation Summary: epoch: 68.000000 | loss: 0.761862 | accuracy: 0.863120 | precision: 0.894654 | 
Epoch 69 Training Summary: epoch: 69.000000 | loss: 0.003496 | 
Epoch runtime: 0.0 hours, 0.0 minutes, 1.643399953842163 seconds

Avg epoch train. time: 0.0 hours, 0.0 minutes, 1.7987552725750466 seconds
Avg batch train. time: 0.03459144754952013 seconds
Avg sample train. time: 0.00027257997765950094 seconds
Epoch 70 Training Summary: epoch: 70.000000 | loss: 0.043284 | 
Epoch runtime: 0.0 hours, 0.0 minutes, 1.892641544342041 seconds

Avg epoch train. time: 0.0 hours, 0.0 minutes, 1.8000965050288609 seconds
Avg batch train. time: 0.034617240481324245 seconds
Avg sample train. time: 0.0002727832254930839 seconds
Evaluating on validation set ...
Validation runtime: 0.0 hours, 0.0 minutes, 0.4757246971130371 seconds

Avg val. time: 0.0 hours, 0.0 minutes, 0.5026599974245638 seconds
Avg batch val. time: 0.027925555412475767 seconds
Avg sample val. time: 0.00022858571961098854 seconds
Epoch 70 Validation Summary: epoch: 70.000000 | loss: 1.457925 | accuracy: 0.802183 | precision: 0.853144 | 
Epoch 71 Training Summary: epoch: 71.000000 | loss: 0.021209 | 
Epoch runtime: 0.0 hours, 0.0 minutes, 1.663846492767334 seconds

Avg epoch train. time: 0.0 hours, 0.0 minutes, 1.7981774907716563 seconds
Avg batch train. time: 0.03458033636099339 seconds
Avg sample train. time: 0.0002724924216959625 seconds
Epoch 72 Training Summary: epoch: 72.000000 | loss: 0.007820 | 
Epoch runtime: 0.0 hours, 0.0 minutes, 1.6604442596435547 seconds

Avg epoch train. time: 0.0 hours, 0.0 minutes, 1.7962645292282104 seconds
Avg batch train. time: 0.034543548639004044 seconds
Avg sample train. time: 0.0002722025351156555 seconds
Evaluating on validation set ...
Validation runtime: 0.0 hours, 0.0 minutes, 0.43296146392822266 seconds

Avg val. time: 0.0 hours, 0.0 minutes, 0.5008258254904496 seconds
Avg batch val. time: 0.027823656971691646 seconds
Avg sample val. time: 0.0002277516259620053 seconds
Epoch 72 Validation Summary: epoch: 72.000000 | loss: 0.758957 | accuracy: 0.859482 | precision: 0.880999 | 
Epoch 73 Training Summary: epoch: 73.000000 | loss: 0.003363 | 
Epoch runtime: 0.0 hours, 0.0 minutes, 1.6262233257293701 seconds

Avg epoch train. time: 0.0 hours, 0.0 minutes, 1.793935197673432 seconds
Avg batch train. time: 0.03449875380141215 seconds
Avg sample train. time: 0.00027184955261000637 seconds
Epoch 74 Training Summary: epoch: 74.000000 | loss: 0.001959 | 
Epoch runtime: 0.0 hours, 0.0 minutes, 1.9022972583770752 seconds

Avg epoch train. time: 0.0 hours, 0.0 minutes, 1.7953995498451027 seconds
Avg batch train. time: 0.03452691442009813 seconds
Avg sample train. time: 0.000272071457773163 seconds
Evaluating on validation set ...
Validation runtime: 0.0 hours, 0.0 minutes, 0.4040648937225342 seconds

Avg val. time: 0.0 hours, 0.0 minutes, 0.49834477595793897 seconds
Avg batch val. time: 0.027685820886552165 seconds
Avg sample val. time: 0.00022662336332784856 seconds
Epoch 74 Validation Summary: epoch: 74.000000 | loss: 0.691540 | accuracy: 0.868122 | precision: 0.889474 | 
Epoch 75 Training Summary: epoch: 75.000000 | loss: 0.000715 | 
Epoch runtime: 0.0 hours, 0.0 minutes, 1.5352280139923096 seconds

Avg epoch train. time: 0.0 hours, 0.0 minutes, 1.7919305960337322 seconds
Avg batch train. time: 0.03446020376987947 seconds
Avg sample train. time: 0.00027154577906254466 seconds
Epoch 76 Training Summary: epoch: 76.000000 | loss: 0.001357 | 
Epoch runtime: 0.0 hours, 0.0 minutes, 1.681001901626587 seconds

Avg epoch train. time: 0.0 hours, 0.0 minutes, 1.7904710079494275 seconds
Avg batch train. time: 0.034432134768258224 seconds
Avg sample train. time: 0.00027132459584019205 seconds
Evaluating on validation set ...
Validation runtime: 0.0 hours, 0.0 minutes, 0.34784865379333496 seconds

Avg val. time: 0.0 hours, 0.0 minutes, 0.49458237290382384 seconds
Avg batch val. time: 0.02747679849465688 seconds
Avg sample val. time: 0.00022491240241192536 seconds
Epoch 76 Validation Summary: epoch: 76.000000 | loss: 0.558098 | accuracy: 0.905412 | precision: 0.916160 | 
Epoch 77 Training Summary: epoch: 77.000000 | loss: 0.002209 | 
Epoch runtime: 0.0 hours, 0.0 minutes, 1.8380606174468994 seconds

Avg epoch train. time: 0.0 hours, 0.0 minutes, 1.791089054826018 seconds
Avg batch train. time: 0.034444020285115735 seconds
Avg sample train. time: 0.0002714182534968962 seconds
Epoch 78 Training Summary: epoch: 78.000000 | loss: 0.007152 | 
Epoch runtime: 0.0 hours, 0.0 minutes, 1.579949140548706 seconds

Avg epoch train. time: 0.0 hours, 0.0 minutes, 1.7883821328481038 seconds
Avg batch train. time: 0.034391964093232766 seconds
Avg sample train. time: 0.00027100805165147806 seconds
Evaluating on validation set ...
Validation runtime: 0.0 hours, 0.0 minutes, 0.38202500343322754 seconds

Avg val. time: 0.0 hours, 0.0 minutes, 0.49183707120941905 seconds
Avg batch val. time: 0.027324281733856613 seconds
Avg sample val. time: 0.00022366397053634335 seconds
Epoch 78 Validation Summary: epoch: 78.000000 | loss: 1.036338 | accuracy: 0.819463 | precision: 0.856459 | 
Epoch 79 Training Summary: epoch: 79.000000 | loss: 0.002708 | 
Epoch runtime: 0.0 hours, 0.0 minutes, 1.6015150547027588 seconds

Avg epoch train. time: 0.0 hours, 0.0 minutes, 1.786016726795631 seconds
Avg batch train. time: 0.034346475515300595 seconds
Avg sample train. time: 0.000270649602484563 seconds
Epoch 80 Training Summary: epoch: 80.000000 | loss: 0.001440 | 
Epoch runtime: 0.0 hours, 0.0 minutes, 1.5173799991607666 seconds

Avg epoch train. time: 0.0 hours, 0.0 minutes, 1.7826587677001953 seconds
Avg batch train. time: 0.03428189937884991 seconds
Avg sample train. time: 0.000270140743703621 seconds
Evaluating on validation set ...
Validation runtime: 0.0 hours, 0.0 minutes, 0.36792731285095215 seconds

Avg val. time: 0.0 hours, 0.0 minutes, 0.4888868388675508 seconds
Avg batch val. time: 0.027160379937086157 seconds
Avg sample val. time: 0.00022232234600616226 seconds
Epoch 80 Validation Summary: epoch: 80.000000 | loss: 0.924114 | accuracy: 0.840837 | precision: 0.881039 | 
Epoch 81 Training Summary: epoch: 81.000000 | loss: 0.003706 | 
Epoch runtime: 0.0 hours, 0.0 minutes, 1.9168221950531006 seconds

Avg epoch train. time: 0.0 hours, 0.0 minutes, 1.7843151063094904 seconds
Avg batch train. time: 0.034313752044413275 seconds
Avg sample train. time: 0.00027039174212903323 seconds
Epoch 82 Training Summary: epoch: 82.000000 | loss: 0.003040 | 
Epoch runtime: 0.0 hours, 0.0 minutes, 1.6145710945129395 seconds

Avg epoch train. time: 0.0 hours, 0.0 minutes, 1.7822450573851423 seconds
Avg batch train. time: 0.034273943411252734 seconds
Avg sample train. time: 0.0002700780508236312 seconds
Evaluating on validation set ...
Validation runtime: 0.0 hours, 0.0 minutes, 0.38050174713134766 seconds

Avg val. time: 0.0 hours, 0.0 minutes, 0.4863662553388019 seconds
Avg batch val. time: 0.02702034751882233 seconds
Avg sample val. time: 0.00022117610520181987 seconds
Epoch 82 Validation Summary: epoch: 82.000000 | loss: 0.795267 | accuracy: 0.848568 | precision: 0.879575 | 
Epoch 83 Training Summary: epoch: 83.000000 | loss: 0.002879 | 
Epoch runtime: 0.0 hours, 0.0 minutes, 1.5246193408966064 seconds

Avg epoch train. time: 0.0 hours, 0.0 minutes, 1.7791411330900997 seconds
Avg batch train. time: 0.03421425255942499 seconds
Avg sample train. time: 0.00026960768799668127 seconds
Epoch 84 Training Summary: epoch: 84.000000 | loss: 0.001593 | 
Epoch runtime: 0.0 hours, 0.0 minutes, 1.6664931774139404 seconds

Avg epoch train. time: 0.0 hours, 0.0 minutes, 1.7778000859987169 seconds
Avg batch train. time: 0.03418846319228302 seconds
Avg sample train. time: 0.0002694044682525711 seconds
Evaluating on validation set ...
Validation runtime: 0.0 hours, 0.0 minutes, 0.44416165351867676 seconds

Avg val. time: 0.0 hours, 0.0 minutes, 0.48540705984288995 seconds
Avg batch val. time: 0.026967058880160554 seconds
Avg sample val. time: 0.00022073990897812185 seconds
Epoch 84 Validation Summary: epoch: 84.000000 | loss: 0.721835 | accuracy: 0.870396 | precision: 0.888988 | 
Epoch 85 Training Summary: epoch: 85.000000 | loss: 0.000879 | 
Epoch runtime: 0.0 hours, 0.0 minutes, 1.4546706676483154 seconds

Avg epoch train. time: 0.0 hours, 0.0 minutes, 1.7739985634298885 seconds
Avg batch train. time: 0.03411535698903632 seconds
Avg sample train. time: 0.00026882839270039226 seconds
Epoch 86 Training Summary: epoch: 86.000000 | loss: 0.000257 | 
Epoch runtime: 0.0 hours, 0.0 minutes, 1.447246789932251 seconds

Avg epoch train. time: 0.0 hours, 0.0 minutes, 1.7701991242031718 seconds
Avg batch train. time: 0.034042290850061 seconds
Avg sample train. time: 0.0002682526328539433 seconds
Evaluating on validation set ...
Validation runtime: 0.0 hours, 0.0 minutes, 0.9867763519287109 seconds

Avg val. time: 0.0 hours, 0.0 minutes, 0.4965485996670193 seconds
Avg batch val. time: 0.027586033314834404 seconds
Avg sample val. time: 0.00022580654827968137 seconds
Epoch 86 Validation Summary: epoch: 86.000000 | loss: 1.271664 | accuracy: 0.810368 | precision: 0.855046 | 
Epoch 87 Training Summary: epoch: 87.000000 | loss: 0.000105 | 
Epoch runtime: 0.0 hours, 0.0 minutes, 1.5835163593292236 seconds

Avg epoch train. time: 0.0 hours, 0.0 minutes, 1.7680533452965748 seconds
Avg batch train. time: 0.03400102587108798 seconds
Avg sample train. time: 0.00026792746557002193 seconds
Epoch 88 Training Summary: epoch: 88.000000 | loss: 0.000098 | 
Epoch runtime: 0.0 hours, 0.0 minutes, 1.6287376880645752 seconds

Avg epoch train. time: 0.0 hours, 0.0 minutes, 1.7664702128280292 seconds
Avg batch train. time: 0.03397058101592364 seconds
Avg sample train. time: 0.00026768756066495366 seconds
Evaluating on validation set ...
Validation runtime: 0.0 hours, 0.0 minutes, 0.34742188453674316 seconds

Avg val. time: 0.0 hours, 0.0 minutes, 0.4933067145554916 seconds
Avg batch val. time: 0.0274059285864162 seconds
Avg sample val. time: 0.0002243322940225064 seconds
Epoch 88 Validation Summary: epoch: 88.000000 | loss: 1.123929 | accuracy: 0.829468 | precision: 0.864649 | 
Epoch 89 Training Summary: epoch: 89.000000 | loss: 0.000072 | 
Epoch runtime: 0.0 hours, 0.0 minutes, 1.6307663917541504 seconds

Avg epoch train. time: 0.0 hours, 0.0 minutes, 1.7649454507934914 seconds
Avg batch train. time: 0.033941258669105606 seconds
Avg sample train. time: 0.0002674565011052419 seconds
Epoch 90 Training Summary: epoch: 90.000000 | loss: 0.000038 | 
Epoch runtime: 0.0 hours, 0.0 minutes, 1.6126952171325684 seconds

Avg epoch train. time: 0.0 hours, 0.0 minutes, 1.7632537815305922 seconds
Avg batch train. time: 0.033908726567896 seconds
Avg sample train. time: 0.00026720014873929263 seconds
Evaluating on validation set ...
Validation runtime: 0.0 hours, 0.0 minutes, 0.40393495559692383 seconds

Avg val. time: 0.0 hours, 0.0 minutes, 0.49140518776913905 seconds
Avg batch val. time: 0.027300288209396614 seconds
Avg sample val. time: 0.00022346757060897636 seconds
Epoch 90 Validation Summary: epoch: 90.000000 | loss: 1.080973 | accuracy: 0.835834 | precision: 0.868251 | 
Epoch 91 Training Summary: epoch: 91.000000 | loss: 0.000030 | 
Epoch runtime: 0.0 hours, 0.0 minutes, 1.2928979396820068 seconds

Avg epoch train. time: 0.0 hours, 0.0 minutes, 1.7580850360157725 seconds
Avg batch train. time: 0.03380932761568793 seconds
Avg sample train. time: 0.0002664168868034206 seconds
Epoch 92 Training Summary: epoch: 92.000000 | loss: 0.000030 | 
Epoch runtime: 0.0 hours, 0.0 minutes, 1.3282830715179443 seconds

Avg epoch train. time: 0.0 hours, 0.0 minutes, 1.7534132755321006 seconds
Avg batch train. time: 0.03371948606792501 seconds
Avg sample train. time: 0.000265708937040779 seconds
Evaluating on validation set ...
Validation runtime: 0.0 hours, 0.0 minutes, 0.34383630752563477 seconds

Avg val. time: 0.0 hours, 0.0 minutes, 0.4883308360973994 seconds
Avg batch val. time: 0.027129490894299967 seconds
Avg sample val. time: 0.00022206950254542948 seconds
Epoch 92 Validation Summary: epoch: 92.000000 | loss: 1.014981 | accuracy: 0.839927 | precision: 0.870180 | 
Epoch 93 Training Summary: epoch: 93.000000 | loss: 0.000046 | 
Epoch runtime: 0.0 hours, 0.0 minutes, 1.6498034000396729 seconds

Avg epoch train. time: 0.0 hours, 0.0 minutes, 1.7522991908493863 seconds
Avg batch train. time: 0.0336980613624882 seconds
Avg sample train. time: 0.000265540110751536 seconds
Epoch 94 Training Summary: epoch: 94.000000 | loss: 0.000024 | 
Epoch runtime: 0.0 hours, 0.0 minutes, 1.634861707687378 seconds

Avg epoch train. time: 0.0 hours, 0.0 minutes, 1.7510498559221308 seconds
Avg batch train. time: 0.033674035690810206 seconds
Avg sample train. time: 0.00026535078889561005 seconds
Evaluating on validation set ...
Validation runtime: 0.0 hours, 0.0 minutes, 0.32843875885009766 seconds

Avg val. time: 0.0 hours, 0.0 minutes, 0.48506773248010754 seconds
Avg batch val. time: 0.026948207360005975 seconds
Avg sample val. time: 0.00022058559912692475 seconds
Epoch 94 Validation Summary: epoch: 94.000000 | loss: 1.056567 | accuracy: 0.837199 | precision: 0.868866 | 
Epoch 95 Training Summary: epoch: 95.000000 | loss: 0.000040 | 
Epoch runtime: 0.0 hours, 0.0 minutes, 1.3625609874725342 seconds

Avg epoch train. time: 0.0 hours, 0.0 minutes, 1.746960499412135 seconds
Avg batch train. time: 0.033595394219464135 seconds
Avg sample train. time: 0.0002647310955314646 seconds
Epoch 96 Training Summary: epoch: 96.000000 | loss: 0.000022 | 
Epoch runtime: 0.0 hours, 0.0 minutes, 1.536684274673462 seconds

Avg epoch train. time: 0.0 hours, 0.0 minutes, 1.7447701220711072 seconds
Avg batch train. time: 0.03355327157829052 seconds
Avg sample train. time: 0.0002643991698849988 seconds
Evaluating on validation set ...
Validation runtime: 0.0 hours, 0.0 minutes, 0.26389479637145996 seconds

Avg val. time: 0.0 hours, 0.0 minutes, 0.48064427375793456 seconds
Avg batch val. time: 0.026702459653218588 seconds
Avg sample val. time: 0.0002185740217180239 seconds
Epoch 96 Validation Summary: epoch: 96.000000 | loss: 0.961775 | accuracy: 0.844930 | precision: 0.872964 | 
Epoch 97 Training Summary: epoch: 97.000000 | loss: 0.000023 | 
Epoch runtime: 0.0 hours, 0.0 minutes, 1.6444578170776367 seconds

Avg epoch train. time: 0.0 hours, 0.0 minutes, 1.7437359745969478 seconds
Avg batch train. time: 0.03353338412686438 seconds
Avg sample train. time: 0.00026424245712940565 seconds
Epoch 98 Training Summary: epoch: 98.000000 | loss: 0.000024 | 
Epoch runtime: 0.0 hours, 0.0 minutes, 1.4978623390197754 seconds

Avg epoch train. time: 0.0 hours, 0.0 minutes, 1.7412270599482012 seconds
Avg batch train. time: 0.033485135768234635 seconds
Avg sample train. time: 0.0002638622609407791 seconds
Evaluating on validation set ...
Validation runtime: 0.0 hours, 0.0 minutes, 0.26506590843200684 seconds

Avg val. time: 0.0 hours, 0.0 minutes, 0.47641724698683796 seconds
Avg batch val. time: 0.026467624832602107 seconds
Avg sample val. time: 0.00021665177216318235 seconds
Epoch 98 Validation Summary: epoch: 98.000000 | loss: 0.984692 | accuracy: 0.844930 | precision: 0.874100 | 
Epoch 99 Training Summary: epoch: 99.000000 | loss: 0.000017 | 
Epoch runtime: 0.0 hours, 0.0 minutes, 1.3763656616210938 seconds

Avg epoch train. time: 0.0 hours, 0.0 minutes, 1.7375415912782304 seconds
Avg batch train. time: 0.0334142613707352 seconds
Avg sample train. time: 0.0002633037719773042 seconds
Epoch 100 Training Summary: epoch: 100.000000 | loss: 0.000017 | 
Epoch runtime: 0.0 hours, 0.0 minutes, 1.5992991924285889 seconds

Avg epoch train. time: 0.0 hours, 0.0 minutes, 1.7361591672897339 seconds
Avg batch train. time: 0.033387676294033344 seconds
Avg sample train. time: 0.00026309428205633186 seconds
Evaluating on validation set ...
Validation runtime: 0.0 hours, 0.0 minutes, 0.2680552005767822 seconds

Avg val. time: 0.0 hours, 0.0 minutes, 0.47241028455587536 seconds
Avg batch val. time: 0.026245015808659743 seconds
Avg sample val. time: 0.0002148295973423717 seconds
Epoch 100 Validation Summary: epoch: 100.000000 | loss: 1.015265 | accuracy: 0.840837 | precision: 0.870937 | 
Best accuracy was 0.9054115507048659. Other metrics: OrderedDict([('epoch', 76), ('loss', 0.5580981887704191), ('accuracy', 0.9054115507048659), ('precision', 0.9161596949047177)])
All Done!
Total runtime: 0.0 hours, 3.0 minutes, 58.66416907310486 seconds

