Running:
src/main.py --output_dir experiments --comment finetune for classification --name SelfRegulationSCP1_finetuned --data_dir /vol/fob-vol4/mi17/christod/Zeitreihenanalyse/mvts_transformer_AMZ/Datasets/Classification/SelfRegulationSCP1 --data_class tsra --pattern TRAIN --val_pattern TEST --epochs 100 --lr 0.001 --optimizer RAdam --batch_size 128 --pos_encoding learnable --load_model /vol/fob-vol4/mi17/christod/Zeitreihenanalyse/mvts_transformer_AMZ/experiments/SelfRegulationSCP1_pretraining_2024-02-19_20-51-16_tdJ/checkpoints/model_best.pth --task classification --change_output --key_metric accuracy --d_model 256 --dim_feedforward 512 --num_heads 16 --num_layers 3

{'config_filepath': None, 'output_dir': 'experiments/SelfRegulationSCP1_finetuned_2024-02-20_16-30-19_wMQ', 'data_dir': '/vol/fob-vol4/mi17/christod/Zeitreihenanalyse/mvts_transformer_AMZ/Datasets/Classification/SelfRegulationSCP1', 'load_model': '/vol/fob-vol4/mi17/christod/Zeitreihenanalyse/mvts_transformer_AMZ/experiments/SelfRegulationSCP1_pretraining_2024-02-19_20-51-16_tdJ/checkpoints/model_best.pth', 'resume': False, 'change_output': True, 'save_all': False, 'experiment_name': 'SelfRegulationSCP1_finetuned', 'comment': 'finetune for classification', 'no_timestamp': False, 'records_file': './records.xls', 'console': False, 'print_interval': 1, 'gpu': '0', 'n_proc': -1, 'num_workers': 0, 'seed': None, 'limit_size': None, 'test_only': None, 'data_class': 'tsra', 'labels': None, 'test_from': None, 'test_ratio': 0, 'val_ratio': 0, 'pattern': 'TRAIN', 'val_pattern': 'TEST', 'test_pattern': None, 'normalization': 'standardization', 'norm_from': None, 'subsample_factor': None, 'task': 'classification', 'masking_ratio': 0.15, 'mean_mask_length': 3, 'mask_mode': 'separate', 'mask_distribution': 'geometric', 'exclude_feats': None, 'mask_feats': [0, 1], 'start_hint': 0.0, 'end_hint': 0.0, 'harden': False, 'epochs': 100, 'val_interval': 2, 'optimizer': 'RAdam', 'lr': 0.001, 'lr_step': [1000000], 'lr_factor': [0.1], 'batch_size': 128, 'l2_reg': 0, 'global_reg': False, 'key_metric': 'accuracy', 'freeze': False, 'model': 'transformer', 'max_seq_len': None, 'data_window_len': None, 'd_model': 256, 'dim_feedforward': 512, 'num_heads': 16, 'num_layers': 3, 'dropout': 0.1, 'pos_encoding': 'learnable', 'activation': 'gelu', 'normalization_layer': 'BatchNorm', 'initial_timestamp': '2024-02-20_16-30-19', 'save_dir': 'experiments/SelfRegulationSCP1_finetuned_2024-02-20_16-30-19_wMQ/checkpoints', 'pred_dir': 'experiments/SelfRegulationSCP1_finetuned_2024-02-20_16-30-19_wMQ/predictions', 'tensorboard_dir': 'experiments/SelfRegulationSCP1_finetuned_2024-02-20_16-30-19_wMQ/tb_summaries'}
Using device: cuda:0
Loading and preprocessing data ...
268 samples may be used for training
293 samples will be used for validation
0 samples will be used for testing
Creating model ...
Model:
TSTransformerEncoderClassiregressor(
  (project_inp): Linear(in_features=6, out_features=256, bias=True)
  (pos_enc): LearnablePositionalEncoding(
    (dropout): Dropout(p=0.1, inplace=False)
  )
  (transformer_encoder): TransformerEncoder(
    (layers): ModuleList(
      (0-2): 3 x TransformerBatchNormEncoderLayer(
        (self_attn): MultiheadAttention(
          (out_proj): NonDynamicallyQuantizableLinear(in_features=256, out_features=256, bias=True)
        )
        (linear1): Linear(in_features=256, out_features=512, bias=True)
        (dropout): Dropout(p=0.1, inplace=False)
        (linear2): Linear(in_features=512, out_features=256, bias=True)
        (norm1): BatchNorm1d(256, eps=1e-05, momentum=0.1, affine=True, track_running_stats=True)
        (norm2): BatchNorm1d(256, eps=1e-05, momentum=0.1, affine=True, track_running_stats=True)
        (dropout1): Dropout(p=0.1, inplace=False)
        (dropout2): Dropout(p=0.1, inplace=False)
      )
    )
  )
  (dropout1): Dropout(p=0.1, inplace=False)
  (output_layer): Linear(in_features=229376, out_features=2, bias=True)
)
Total number of parameters: 2271234
Trainable parameters: 2271234
Evaluating on validation set ...
Validation runtime: 0.0 hours, 0.0 minutes, 1.4505410194396973 seconds

Avg val. time: 0.0 hours, 0.0 minutes, 1.4505410194396973 seconds
Avg batch val. time: 0.48351367314656574 seconds
Avg sample val. time: 0.004950651943480195 seconds
Epoch 0 Validation Summary: epoch: 0.000000 | loss: 0.737749 | accuracy: 0.453925 | precision: 0.435547 | AUROC: 0.404995 | AUPRC: 0.438263 | 
Starting training...
Epoch 1 Training Summary: epoch: 1.000000 | loss: 0.651360 | 
Epoch runtime: 0.0 hours, 0.0 minutes, 2.9230287075042725 seconds

Avg epoch train. time: 0.0 hours, 0.0 minutes, 2.9230287075042725 seconds
Avg batch train. time: 0.9743429025014242 seconds
Avg sample train. time: 0.010906823535463702 seconds
Evaluating on validation set ...
Validation runtime: 0.0 hours, 0.0 minutes, 0.969710111618042 seconds

Avg val. time: 0.0 hours, 0.0 minutes, 1.2101255655288696 seconds
Avg batch val. time: 0.40337518850962323 seconds
Avg sample val. time: 0.004130121384057575 seconds
Epoch 1 Validation Summary: epoch: 1.000000 | loss: 0.555054 | accuracy: 0.699659 | precision: 0.791077 | AUROC: 0.941198 | AUPRC: 0.935411 | 
Epoch 2 Training Summary: epoch: 2.000000 | loss: 0.548569 | 
Epoch runtime: 0.0 hours, 0.0 minutes, 2.861891269683838 seconds

Avg epoch train. time: 0.0 hours, 0.0 minutes, 2.892459988594055 seconds
Avg batch train. time: 0.9641533295313517 seconds
Avg sample train. time: 0.010792761151470355 seconds
Evaluating on validation set ...
Validation runtime: 0.0 hours, 0.0 minutes, 0.9861853122711182 seconds

Avg val. time: 0.0 hours, 0.0 minutes, 1.1354788144429524 seconds
Avg batch val. time: 0.3784929381476508 seconds
Avg sample val. time: 0.003875354315504957 seconds
Epoch 2 Validation Summary: epoch: 2.000000 | loss: 0.514911 | accuracy: 0.754266 | precision: 0.814469 | AUROC: 0.946510 | AUPRC: 0.941706 | 
Epoch 3 Training Summary: epoch: 3.000000 | loss: 0.463800 | 
Epoch runtime: 0.0 hours, 0.0 minutes, 2.8601267337799072 seconds

Avg epoch train. time: 0.0 hours, 0.0 minutes, 2.8816822369893393 seconds
Avg batch train. time: 0.9605607456631131 seconds
Avg sample train. time: 0.010752545660407982 seconds
Epoch 4 Training Summary: epoch: 4.000000 | loss: 0.378431 | 
Epoch runtime: 0.0 hours, 0.0 minutes, 2.865959882736206 seconds

Avg epoch train. time: 0.0 hours, 0.0 minutes, 2.877751648426056 seconds
Avg batch train. time: 0.9592505494753519 seconds
Avg sample train. time: 0.01073787928517185 seconds
Evaluating on validation set ...
Validation runtime: 0.0 hours, 0.0 minutes, 0.994685173034668 seconds

Avg val. time: 0.0 hours, 0.0 minutes, 1.1002804040908813 seconds
Avg batch val. time: 0.36676013469696045 seconds
Avg sample val. time: 0.0037552232221531785 seconds
Epoch 4 Validation Summary: epoch: 4.000000 | loss: 0.288438 | accuracy: 0.883959 | precision: 0.891299 | AUROC: 0.960116 | AUPRC: 0.965243 | 
Epoch 5 Training Summary: epoch: 5.000000 | loss: 0.304188 | 
Epoch runtime: 0.0 hours, 0.0 minutes, 2.85992169380188 seconds

Avg epoch train. time: 0.0 hours, 0.0 minutes, 2.874185657501221 seconds
Avg batch train. time: 0.9580618858337403 seconds
Avg sample train. time: 0.010724573348885153 seconds
Epoch 6 Training Summary: epoch: 6.000000 | loss: 0.330044 | 
Epoch runtime: 0.0 hours, 0.0 minutes, 2.874019145965576 seconds

Avg epoch train. time: 0.0 hours, 0.0 minutes, 2.8741579055786133 seconds
Avg batch train. time: 0.9580526351928711 seconds
Avg sample train. time: 0.010724469796935124 seconds
Evaluating on validation set ...
Validation runtime: 0.0 hours, 0.0 minutes, 0.9982662200927734 seconds

Avg val. time: 0.0 hours, 0.0 minutes, 1.0798775672912597 seconds
Avg batch val. time: 0.3599591890970866 seconds
Avg sample val. time: 0.0036855889668643677 seconds
Epoch 6 Validation Summary: epoch: 6.000000 | loss: 0.252879 | accuracy: 0.907850 | precision: 0.910185 | AUROC: 0.963517 | AUPRC: 0.967800 | 
Epoch 7 Training Summary: epoch: 7.000000 | loss: 0.240473 | 
Epoch runtime: 0.0 hours, 0.0 minutes, 2.882976531982422 seconds

Avg epoch train. time: 0.0 hours, 0.0 minutes, 2.875417709350586 seconds
Avg batch train. time: 0.9584725697835287 seconds
Avg sample train. time: 0.010729170557278307 seconds
Epoch 8 Training Summary: epoch: 8.000000 | loss: 0.171803 | 
Epoch runtime: 0.0 hours, 0.0 minutes, 2.8835971355438232 seconds

Avg epoch train. time: 0.0 hours, 0.0 minutes, 2.8764401376247406 seconds
Avg batch train. time: 0.9588133792082468 seconds
Avg sample train. time: 0.010732985588152017 seconds
Evaluating on validation set ...
Validation runtime: 0.0 hours, 0.0 minutes, 0.5663151741027832 seconds

Avg val. time: 0.0 hours, 0.0 minutes, 0.9942838350931803 seconds
Avg batch val. time: 0.3314279450310601 seconds
Avg sample val. time: 0.003393460188031332 seconds
Epoch 8 Validation Summary: epoch: 8.000000 | loss: 0.251780 | accuracy: 0.928328 | precision: 0.928835 | AUROC: 0.966732 | AUPRC: 0.971596 | 
Epoch 9 Training Summary: epoch: 9.000000 | loss: 0.140616 | 
Epoch runtime: 0.0 hours, 0.0 minutes, 1.2788124084472656 seconds

Avg epoch train. time: 0.0 hours, 0.0 minutes, 2.69892594549391 seconds
Avg batch train. time: 0.8996419818313033 seconds
Avg sample train. time: 0.010070619199604142 seconds
Epoch 10 Training Summary: epoch: 10.000000 | loss: 0.113070 | 
Epoch runtime: 0.0 hours, 0.0 minutes, 1.2808012962341309 seconds

Avg epoch train. time: 0.0 hours, 0.0 minutes, 2.5571134805679323 seconds
Avg batch train. time: 0.8523711601893108 seconds
Avg sample train. time: 0.009541468211074374 seconds
Evaluating on validation set ...
Validation runtime: 0.0 hours, 0.0 minutes, 0.4571826457977295 seconds

Avg val. time: 0.0 hours, 0.0 minutes, 0.9175550937652588 seconds
Avg batch val. time: 0.30585169792175293 seconds
Avg sample val. time: 0.0031315873507346717 seconds
Epoch 10 Validation Summary: epoch: 10.000000 | loss: 0.300748 | accuracy: 0.911263 | precision: 0.914064 | AUROC: 0.967664 | AUPRC: 0.968396 | 
Epoch 11 Training Summary: epoch: 11.000000 | loss: 0.084290 | 
Epoch runtime: 0.0 hours, 0.0 minutes, 1.4704129695892334 seconds

Avg epoch train. time: 0.0 hours, 0.0 minutes, 2.458322525024414 seconds
Avg batch train. time: 0.8194408416748047 seconds
Avg sample train. time: 0.009172845242628411 seconds
Epoch 12 Training Summary: epoch: 12.000000 | loss: 0.058354 | 
Epoch runtime: 0.0 hours, 0.0 minutes, 2.7131166458129883 seconds

Avg epoch train. time: 0.0 hours, 0.0 minutes, 2.479555368423462 seconds
Avg batch train. time: 0.8265184561411539 seconds
Avg sample train. time: 0.009252072270236798 seconds
Evaluating on validation set ...
Validation runtime: 0.0 hours, 0.0 minutes, 0.992612361907959 seconds

Avg val. time: 0.0 hours, 0.0 minutes, 0.9269372522830963 seconds
Avg batch val. time: 0.3089790840943654 seconds
Avg sample val. time: 0.0031636083695668815 seconds
Epoch 12 Validation Summary: epoch: 12.000000 | loss: 0.233158 | accuracy: 0.911263 | precision: 0.911335 | AUROC: 0.969574 | AUPRC: 0.973341 | 
Epoch 13 Training Summary: epoch: 13.000000 | loss: 0.029741 | 
Epoch runtime: 0.0 hours, 0.0 minutes, 2.731666088104248 seconds

Avg epoch train. time: 0.0 hours, 0.0 minutes, 2.4989485007065992 seconds
Avg batch train. time: 0.8329828335688664 seconds
Avg sample train. time: 0.009324434704129102 seconds
Epoch 14 Training Summary: epoch: 14.000000 | loss: 0.018637 | 
Epoch runtime: 0.0 hours, 0.0 minutes, 2.7458927631378174 seconds

Avg epoch train. time: 0.0 hours, 0.0 minutes, 2.5165873765945435 seconds
Avg batch train. time: 0.8388624588648478 seconds
Avg sample train. time: 0.00939025140520352 seconds
Evaluating on validation set ...
Validation runtime: 0.0 hours, 0.0 minutes, 0.983414888381958 seconds

Avg val. time: 0.0 hours, 0.0 minutes, 0.9332125451829698 seconds
Avg batch val. time: 0.31107084839432325 seconds
Avg sample val. time: 0.0031850257514777127 seconds
Epoch 14 Validation Summary: epoch: 14.000000 | loss: 0.498460 | accuracy: 0.880546 | precision: 0.893987 | AUROC: 0.967221 | AUPRC: 0.968747 | 
Epoch 15 Training Summary: epoch: 15.000000 | loss: 0.028974 | 
Epoch runtime: 0.0 hours, 0.0 minutes, 2.841611385345459 seconds

Avg epoch train. time: 0.0 hours, 0.0 minutes, 2.5382556438446047 seconds
Avg batch train. time: 0.8460852146148682 seconds
Avg sample train. time: 0.009471103148673898 seconds
Epoch 16 Training Summary: epoch: 16.000000 | loss: 0.020466 | 
Epoch runtime: 0.0 hours, 0.0 minutes, 2.7381322383880615 seconds

Avg epoch train. time: 0.0 hours, 0.0 minutes, 2.5507479310035706 seconds
Avg batch train. time: 0.8502493103345236 seconds
Avg sample train. time: 0.009517716160461084 seconds
Evaluating on validation set ...
Validation runtime: 0.0 hours, 0.0 minutes, 0.9928193092346191 seconds

Avg val. time: 0.0 hours, 0.0 minutes, 0.9391732215881348 seconds
Avg batch val. time: 0.31305774052937824 seconds
Avg sample val. time: 0.0032053693569560914 seconds
Epoch 16 Validation Summary: epoch: 16.000000 | loss: 0.271684 | accuracy: 0.914676 | precision: 0.914693 | AUROC: 0.973674 | AUPRC: 0.975518 | 
Epoch 17 Training Summary: epoch: 17.000000 | loss: 0.005902 | 
Epoch runtime: 0.0 hours, 0.0 minutes, 2.7533679008483887 seconds

Avg epoch train. time: 0.0 hours, 0.0 minutes, 2.562666752759148 seconds
Avg batch train. time: 0.854222250919716 seconds
Avg sample train. time: 0.00956218937596697 seconds
Epoch 18 Training Summary: epoch: 18.000000 | loss: 0.025768 | 
Epoch runtime: 0.0 hours, 0.0 minutes, 2.6739723682403564 seconds

Avg epoch train. time: 0.0 hours, 0.0 minutes, 2.5688503980636597 seconds
Avg batch train. time: 0.8562834660212199 seconds
Avg sample train. time: 0.009585262679342014 seconds
Evaluating on validation set ...
Validation runtime: 0.0 hours, 0.0 minutes, 0.9801068305969238 seconds

Avg val. time: 0.0 hours, 0.0 minutes, 0.942894458770752 seconds
Avg batch val. time: 0.314298152923584 seconds
Avg sample val. time: 0.00321806982515615 seconds
Epoch 18 Validation Summary: epoch: 18.000000 | loss: 0.328508 | accuracy: 0.894198 | precision: 0.896407 | AUROC: 0.957273 | AUPRC: 0.963665 | 
Epoch 19 Training Summary: epoch: 19.000000 | loss: 0.011554 | 
Epoch runtime: 0.0 hours, 0.0 minutes, 2.7458770275115967 seconds

Avg epoch train. time: 0.0 hours, 0.0 minutes, 2.578167589087235 seconds
Avg batch train. time: 0.8593891963624117 seconds
Avg sample train. time: 0.009620028317489683 seconds
Epoch 20 Training Summary: epoch: 20.000000 | loss: 0.009483 | 
Epoch runtime: 0.0 hours, 0.0 minutes, 2.77645206451416 seconds

Avg epoch train. time: 0.0 hours, 0.0 minutes, 2.5880818128585816 seconds
Avg batch train. time: 0.8626939376195272 seconds
Avg sample train. time: 0.009657021689770827 seconds
Evaluating on validation set ...
Validation runtime: 0.0 hours, 0.0 minutes, 0.9973504543304443 seconds

Avg val. time: 0.0 hours, 0.0 minutes, 0.9474324584007263 seconds
Avg batch val. time: 0.31581081946690875 seconds
Avg sample val. time: 0.0032335578785007723 seconds
Epoch 20 Validation Summary: epoch: 20.000000 | loss: 0.310594 | accuracy: 0.924915 | precision: 0.925239 | AUROC: 0.974187 | AUPRC: 0.975700 | 
Epoch 21 Training Summary: epoch: 21.000000 | loss: 0.002289 | 
Epoch runtime: 0.0 hours, 0.0 minutes, 2.657987356185913 seconds

Avg epoch train. time: 0.0 hours, 0.0 minutes, 2.5914106482551214 seconds
Avg batch train. time: 0.8638035494183738 seconds
Avg sample train. time: 0.009669442717369857 seconds
Epoch 22 Training Summary: epoch: 22.000000 | loss: 0.008841 | 
Epoch runtime: 0.0 hours, 0.0 minutes, 2.7483277320861816 seconds

Avg epoch train. time: 0.0 hours, 0.0 minutes, 2.598543242974715 seconds
Avg batch train. time: 0.8661810809915717 seconds
Avg sample train. time: 0.009696056876771324 seconds
Evaluating on validation set ...
Validation runtime: 0.0 hours, 0.0 minutes, 0.9169478416442871 seconds

Avg val. time: 0.0 hours, 0.0 minutes, 0.9450874878810003 seconds
Avg batch val. time: 0.3150291626270001 seconds
Avg sample val. time: 0.0032255545661467586 seconds
Epoch 22 Validation Summary: epoch: 22.000000 | loss: 0.473837 | accuracy: 0.897611 | precision: 0.903744 | AUROC: 0.972999 | AUPRC: 0.972981 | 
Epoch 23 Training Summary: epoch: 23.000000 | loss: 0.001477 | 
Epoch runtime: 0.0 hours, 0.0 minutes, 2.7577829360961914 seconds

Avg epoch train. time: 0.0 hours, 0.0 minutes, 2.60546670789304 seconds
Avg batch train. time: 0.8684889026310133 seconds
Avg sample train. time: 0.009721890701093434 seconds
Epoch 24 Training Summary: epoch: 24.000000 | loss: 0.019273 | 
Epoch runtime: 0.0 hours, 0.0 minutes, 2.75758957862854 seconds

Avg epoch train. time: 0.0 hours, 0.0 minutes, 2.6118051608403525 seconds
Avg batch train. time: 0.8706017202801175 seconds
Avg sample train. time: 0.009745541644926688 seconds
Evaluating on validation set ...
Validation runtime: 0.0 hours, 0.0 minutes, 0.8957400321960449 seconds

Avg val. time: 0.0 hours, 0.0 minutes, 0.9415626696177891 seconds
Avg batch val. time: 0.3138542232059297 seconds
Avg sample val. time: 0.003213524469685287 seconds
Epoch 24 Validation Summary: epoch: 24.000000 | loss: 0.498015 | accuracy: 0.887372 | precision: 0.890479 | AUROC: 0.964752 | AUPRC: 0.969335 | 
Epoch 25 Training Summary: epoch: 25.000000 | loss: 0.005119 | 
Epoch runtime: 0.0 hours, 0.0 minutes, 2.7473740577697754 seconds

Avg epoch train. time: 0.0 hours, 0.0 minutes, 2.617227916717529 seconds
Avg batch train. time: 0.8724093055725097 seconds
Avg sample train. time: 0.009765775808647497 seconds
Epoch 26 Training Summary: epoch: 26.000000 | loss: 0.010252 | 
Epoch runtime: 0.0 hours, 0.0 minutes, 2.7410411834716797 seconds

Avg epoch train. time: 0.0 hours, 0.0 minutes, 2.6219899654388428 seconds
Avg batch train. time: 0.8739966551462809 seconds
Avg sample train. time: 0.00978354464715986 seconds
Evaluating on validation set ...
Validation runtime: 0.0 hours, 0.0 minutes, 0.8972184658050537 seconds

Avg val. time: 0.0 hours, 0.0 minutes, 0.9386063893636067 seconds
Avg batch val. time: 0.3128687964545356 seconds
Avg sample val. time: 0.003203434775985006 seconds
Epoch 26 Validation Summary: epoch: 26.000000 | loss: 0.837172 | accuracy: 0.860068 | precision: 0.879397 | AUROC: 0.962678 | AUPRC: 0.963171 | 
Epoch 27 Training Summary: epoch: 27.000000 | loss: 0.019403 | 
Epoch runtime: 0.0 hours, 0.0 minutes, 2.7667112350463867 seconds

Avg epoch train. time: 0.0 hours, 0.0 minutes, 2.6273500124613443 seconds
Avg batch train. time: 0.8757833374871148 seconds
Avg sample train. time: 0.009803544822616956 seconds
Epoch 28 Training Summary: epoch: 28.000000 | loss: 0.001591 | 
Epoch runtime: 0.0 hours, 0.0 minutes, 2.631373167037964 seconds

Avg epoch train. time: 0.0 hours, 0.0 minutes, 2.6274936965533664 seconds
Avg batch train. time: 0.8758312321844555 seconds
Avg sample train. time: 0.00980408095728868 seconds
Evaluating on validation set ...
Validation runtime: 0.0 hours, 0.0 minutes, 0.997122049331665 seconds

Avg val. time: 0.0 hours, 0.0 minutes, 0.9422636181116104 seconds
Avg batch val. time: 0.3140878727038701 seconds
Avg sample val. time: 0.0032159167853638582 seconds
Epoch 28 Validation Summary: epoch: 28.000000 | loss: 0.610566 | accuracy: 0.887372 | precision: 0.887542 | AUROC: 0.954734 | AUPRC: 0.953371 | 
Epoch 29 Training Summary: epoch: 29.000000 | loss: 0.007699 | 
Epoch runtime: 0.0 hours, 0.0 minutes, 2.7655835151672363 seconds

Avg epoch train. time: 0.0 hours, 0.0 minutes, 2.6322554144366035 seconds
Avg batch train. time: 0.8774184714788679 seconds
Avg sample train. time: 0.00982184856133061 seconds
Epoch 30 Training Summary: epoch: 30.000000 | loss: 0.005574 | 
Epoch runtime: 0.0 hours, 0.0 minutes, 2.758888006210327 seconds

Avg epoch train. time: 0.0 hours, 0.0 minutes, 2.636476500829061 seconds
Avg batch train. time: 0.8788255002763536 seconds
Avg sample train. time: 0.009837598883690526 seconds
Evaluating on validation set ...
Validation runtime: 0.0 hours, 0.0 minutes, 0.9940347671508789 seconds

Avg val. time: 0.0 hours, 0.0 minutes, 0.9453089798198027 seconds
Avg batch val. time: 0.3151029932732676 seconds
Avg sample val. time: 0.0032263105113303843 seconds
Epoch 30 Validation Summary: epoch: 30.000000 | loss: 0.520171 | accuracy: 0.904437 | precision: 0.905130 | AUROC: 0.968782 | AUPRC: 0.971324 | 
Epoch 31 Training Summary: epoch: 31.000000 | loss: 0.004752 | 
Epoch runtime: 0.0 hours, 0.0 minutes, 2.7601494789123535 seconds

Avg epoch train. time: 0.0 hours, 0.0 minutes, 2.6404659517349733 seconds
Avg batch train. time: 0.8801553172449911 seconds
Avg sample train. time: 0.009852484894533482 seconds
Epoch 32 Training Summary: epoch: 32.000000 | loss: 0.000347 | 
Epoch runtime: 0.0 hours, 0.0 minutes, 2.7612335681915283 seconds

Avg epoch train. time: 0.0 hours, 0.0 minutes, 2.644239939749241 seconds
Avg batch train. time: 0.8814133132497469 seconds
Avg sample train. time: 0.00986656693936284 seconds
Evaluating on validation set ...
Validation runtime: 0.0 hours, 0.0 minutes, 0.9975879192352295 seconds

Avg val. time: 0.0 hours, 0.0 minutes, 0.9482133653428819 seconds
Avg batch val. time: 0.31607112178096064 seconds
Avg sample val. time: 0.003236223089907447 seconds
Epoch 32 Validation Summary: epoch: 32.000000 | loss: 0.536140 | accuracy: 0.873720 | precision: 0.875871 | AUROC: 0.956295 | AUPRC: 0.962198 | 
Epoch 33 Training Summary: epoch: 33.000000 | loss: 0.001439 | 
Epoch runtime: 0.0 hours, 0.0 minutes, 2.7564547061920166 seconds

Avg epoch train. time: 0.0 hours, 0.0 minutes, 2.6476403872172036 seconds
Avg batch train. time: 0.8825467957390679 seconds
Avg sample train. time: 0.009879255176183595 seconds
Epoch 34 Training Summary: epoch: 34.000000 | loss: 0.000507 | 
Epoch runtime: 0.0 hours, 0.0 minutes, 2.7533411979675293 seconds

Avg epoch train. time: 0.0 hours, 0.0 minutes, 2.6507492345922135 seconds
Avg batch train. time: 0.8835830781974044 seconds
Avg sample train. time: 0.00989085535295602 seconds
Evaluating on validation set ...
Validation runtime: 0.0 hours, 0.0 minutes, 0.9853713512420654 seconds

Avg val. time: 0.0 hours, 0.0 minutes, 0.9501690488112601 seconds
Avg batch val. time: 0.31672301627042004 seconds
Avg sample val. time: 0.003242897777512833 seconds
Epoch 34 Validation Summary: epoch: 34.000000 | loss: 0.517715 | accuracy: 0.890785 | precision: 0.891066 | AUROC: 0.952754 | AUPRC: 0.958533 | 
Epoch 35 Training Summary: epoch: 35.000000 | loss: 0.001033 | 
Epoch runtime: 0.0 hours, 0.0 minutes, 2.761300563812256 seconds

Avg epoch train. time: 0.0 hours, 0.0 minutes, 2.6539078439985 seconds
Avg batch train. time: 0.8846359479995001 seconds
Avg sample train. time: 0.009902641208949627 seconds
Epoch 36 Training Summary: epoch: 36.000000 | loss: 0.001106 | 
Epoch runtime: 0.0 hours, 0.0 minutes, 2.785822868347168 seconds

Avg epoch train. time: 0.0 hours, 0.0 minutes, 2.6575721502304077 seconds
Avg batch train. time: 0.8858573834101359 seconds
Avg sample train. time: 0.009916313993397043 seconds
Evaluating on validation set ...
Validation runtime: 0.0 hours, 0.0 minutes, 0.9795982837677002 seconds

Avg val. time: 0.0 hours, 0.0 minutes, 0.951640510559082 seconds
Avg batch val. time: 0.317213503519694 seconds
Avg sample val. time: 0.003247919831259666 seconds
Epoch 36 Validation Summary: epoch: 36.000000 | loss: 0.503423 | accuracy: 0.894198 | precision: 0.894219 | AUROC: 0.958811 | AUPRC: 0.963635 | 
Epoch 37 Training Summary: epoch: 37.000000 | loss: 0.000412 | 
Epoch runtime: 0.0 hours, 0.0 minutes, 2.7566258907318115 seconds

Avg epoch train. time: 0.0 hours, 0.0 minutes, 2.6602492783520675 seconds
Avg batch train. time: 0.8867497594506891 seconds
Avg sample train. time: 0.009926303277433088 seconds
Epoch 38 Training Summary: epoch: 38.000000 | loss: 0.001106 | 
Epoch runtime: 0.0 hours, 0.0 minutes, 2.893113851547241 seconds

Avg epoch train. time: 0.0 hours, 0.0 minutes, 2.6663772934361507 seconds
Avg batch train. time: 0.8887924311453835 seconds
Avg sample train. time: 0.009949169005358771 seconds
Evaluating on validation set ...
Validation runtime: 0.0 hours, 0.0 minutes, 0.985694408416748 seconds

Avg val. time: 0.0 hours, 0.0 minutes, 0.9532621247427804 seconds
Avg batch val. time: 0.3177540415809268 seconds
Avg sample val. time: 0.0032534543506579534 seconds
Epoch 38 Validation Summary: epoch: 38.000000 | loss: 0.655514 | accuracy: 0.863481 | precision: 0.867917 | AUROC: 0.951076 | AUPRC: 0.955776 | 
Epoch 39 Training Summary: epoch: 39.000000 | loss: 0.003009 | 
Epoch runtime: 0.0 hours, 0.0 minutes, 2.7372593879699707 seconds

Avg epoch train. time: 0.0 hours, 0.0 minutes, 2.6681947830395822 seconds
Avg batch train. time: 0.8893982610131941 seconds
Avg sample train. time: 0.009955950682983515 seconds
Epoch 40 Training Summary: epoch: 40.000000 | loss: 0.005192 | 
Epoch runtime: 0.0 hours, 0.0 minutes, 2.8157711029052734 seconds

Avg epoch train. time: 0.0 hours, 0.0 minutes, 2.6718841910362245 seconds
Avg batch train. time: 0.8906280636787415 seconds
Avg sample train. time: 0.009969717130732181 seconds
Evaluating on validation set ...
Validation runtime: 0.0 hours, 0.0 minutes, 0.9539155960083008 seconds

Avg val. time: 0.0 hours, 0.0 minutes, 0.9532918279821222 seconds
Avg batch val. time: 0.3177639426607074 seconds
Avg sample val. time: 0.003253555726901441 seconds
Epoch 40 Validation Summary: epoch: 40.000000 | loss: 0.646153 | accuracy: 0.860068 | precision: 0.861461 | AUROC: 0.940593 | AUPRC: 0.945810 | 
Epoch 41 Training Summary: epoch: 41.000000 | loss: 0.001999 | 
Epoch runtime: 0.0 hours, 0.0 minutes, 2.749255895614624 seconds

Avg epoch train. time: 0.0 hours, 0.0 minutes, 2.673771305782039 seconds
Avg batch train. time: 0.8912571019273464 seconds
Avg sample train. time: 0.009976758603664326 seconds
Epoch 42 Training Summary: epoch: 42.000000 | loss: 0.007508 | 
Epoch runtime: 0.0 hours, 0.0 minutes, 2.7612967491149902 seconds

Avg epoch train. time: 0.0 hours, 0.0 minutes, 2.675855244909014 seconds
Avg batch train. time: 0.8919517483030046 seconds
Avg sample train. time: 0.009984534495929157 seconds
Evaluating on validation set ...
Validation runtime: 0.0 hours, 0.0 minutes, 0.9882049560546875 seconds

Avg val. time: 0.0 hours, 0.0 minutes, 0.9548097900722338 seconds
Avg batch val. time: 0.31826993002407794 seconds
Avg sample val. time: 0.00325873648488817 seconds
Epoch 42 Validation Summary: epoch: 42.000000 | loss: 0.617310 | accuracy: 0.877133 | precision: 0.878926 | AUROC: 0.959556 | AUPRC: 0.965548 | 
Epoch 43 Training Summary: epoch: 43.000000 | loss: 0.002294 | 
Epoch runtime: 0.0 hours, 0.0 minutes, 2.7615389823913574 seconds

Avg epoch train. time: 0.0 hours, 0.0 minutes, 2.677847889966743 seconds
Avg batch train. time: 0.8926159633222476 seconds
Avg sample train. time: 0.009991969738681876 seconds
Epoch 44 Training Summary: epoch: 44.000000 | loss: 0.006521 | 
Epoch runtime: 0.0 hours, 0.0 minutes, 2.758742094039917 seconds

Avg epoch train. time: 0.0 hours, 0.0 minutes, 2.6796863946047695 seconds
Avg batch train. time: 0.8932287982015898 seconds
Avg sample train. time: 0.009998829830614812 seconds
Evaluating on validation set ...
Validation runtime: 0.0 hours, 0.0 minutes, 0.886847972869873 seconds

Avg val. time: 0.0 hours, 0.0 minutes, 0.9519780476888021 seconds
Avg batch val. time: 0.31732601589626735 seconds
Avg sample val. time: 0.0032490718351153654 seconds
Epoch 44 Validation Summary: epoch: 44.000000 | loss: 0.774677 | accuracy: 0.853242 | precision: 0.856089 | AUROC: 0.946464 | AUPRC: 0.954851 | 
Epoch 45 Training Summary: epoch: 45.000000 | loss: 0.002802 | 
Epoch runtime: 0.0 hours, 0.0 minutes, 2.767460346221924 seconds

Avg epoch train. time: 0.0 hours, 0.0 minutes, 2.6816369268629288 seconds
Avg batch train. time: 0.8938789756209763 seconds
Avg sample train. time: 0.010006107936055704 seconds
Epoch 46 Training Summary: epoch: 46.000000 | loss: 0.016870 | 
Epoch runtime: 0.0 hours, 0.0 minutes, 2.7711753845214844 seconds

Avg epoch train. time: 0.0 hours, 0.0 minutes, 2.683583415072897 seconds
Avg batch train. time: 0.894527805024299 seconds
Avg sample train. time: 0.010013370951764541 seconds
Evaluating on validation set ...
Validation runtime: 0.0 hours, 0.0 minutes, 1.0001308917999268 seconds

Avg val. time: 0.0 hours, 0.0 minutes, 0.9539041614532471 seconds
Avg batch val. time: 0.317968053817749 seconds
Avg sample val. time: 0.003255645602229512 seconds
Epoch 46 Validation Summary: epoch: 46.000000 | loss: 1.259075 | accuracy: 0.856655 | precision: 0.872348 | AUROC: 0.960185 | AUPRC: 0.964705 | 
Epoch 47 Training Summary: epoch: 47.000000 | loss: 0.040967 | 
Epoch runtime: 0.0 hours, 0.0 minutes, 2.738800048828125 seconds

Avg epoch train. time: 0.0 hours, 0.0 minutes, 2.6847582370676895 seconds
Avg batch train. time: 0.8949194123558964 seconds
Avg sample train. time: 0.010017754615924215 seconds
Epoch 48 Training Summary: epoch: 48.000000 | loss: 0.017492 | 
Epoch runtime: 0.0 hours, 0.0 minutes, 2.75421142578125 seconds

Avg epoch train. time: 0.0 hours, 0.0 minutes, 2.686205178499222 seconds
Avg batch train. time: 0.8954017261664072 seconds
Avg sample train. time: 0.0100231536511165 seconds
Evaluating on validation set ...
Validation runtime: 0.0 hours, 0.0 minutes, 0.8762698173522949 seconds

Avg val. time: 0.0 hours, 0.0 minutes, 0.950918225141672 seconds
Avg batch val. time: 0.31697274171389067 seconds
Avg sample val. time: 0.003245454693316287 seconds
Epoch 48 Validation Summary: epoch: 48.000000 | loss: 1.652459 | accuracy: 0.829352 | precision: 0.853226 | AUROC: 0.939987 | AUPRC: 0.944886 | 
Epoch 49 Training Summary: epoch: 49.000000 | loss: 0.025785 | 
Epoch runtime: 0.0 hours, 0.0 minutes, 2.7581918239593506 seconds

Avg epoch train. time: 0.0 hours, 0.0 minutes, 2.6876742937126936 seconds
Avg batch train. time: 0.8958914312375645 seconds
Avg sample train. time: 0.010028635424301095 seconds
Epoch 50 Training Summary: epoch: 50.000000 | loss: 0.020690 | 
Epoch runtime: 0.0 hours, 0.0 minutes, 2.7560977935791016 seconds

Avg epoch train. time: 0.0 hours, 0.0 minutes, 2.689042763710022 seconds
Avg batch train. time: 0.8963475879033407 seconds
Avg sample train. time: 0.01003374165563441 seconds
Evaluating on validation set ...
Validation runtime: 0.0 hours, 0.0 minutes, 0.9987001419067383 seconds

Avg val. time: 0.0 hours, 0.0 minutes, 0.9526879257626004 seconds
Avg batch val. time: 0.3175626419208668 seconds
Avg sample val. time: 0.0032514946271761107 seconds
Epoch 50 Validation Summary: epoch: 50.000000 | loss: 1.568226 | accuracy: 0.829352 | precision: 0.843871 | AUROC: 0.921116 | AUPRC: 0.921855 | 
Epoch 51 Training Summary: epoch: 51.000000 | loss: 0.038049 | 
Epoch runtime: 0.0 hours, 0.0 minutes, 2.759549379348755 seconds

Avg epoch train. time: 0.0 hours, 0.0 minutes, 2.690425246369605 seconds
Avg batch train. time: 0.896808415456535 seconds
Avg sample train. time: 0.010038900173020913 seconds
Epoch 52 Training Summary: epoch: 52.000000 | loss: 0.030332 | 
Epoch runtime: 0.0 hours, 0.0 minutes, 2.7463955879211426 seconds

Avg epoch train. time: 0.0 hours, 0.0 minutes, 2.69150159909175 seconds
Avg batch train. time: 0.89716719969725 seconds
Avg sample train. time: 0.010042916414521456 seconds
Evaluating on validation set ...
Validation runtime: 0.0 hours, 0.0 minutes, 0.8804478645324707 seconds

Avg val. time: 0.0 hours, 0.0 minutes, 0.95010792357581 seconds
Avg batch val. time: 0.31670264119193664 seconds
Avg sample val. time: 0.003242689158961809 seconds
Epoch 52 Validation Summary: epoch: 52.000000 | loss: 1.562147 | accuracy: 0.836177 | precision: 0.855421 | AUROC: 0.942084 | AUPRC: 0.944620 | 
Epoch 53 Training Summary: epoch: 53.000000 | loss: 0.001786 | 
Epoch runtime: 0.0 hours, 0.0 minutes, 2.761542320251465 seconds

Avg epoch train. time: 0.0 hours, 0.0 minutes, 2.6928231221324994 seconds
Avg batch train. time: 0.8976077073774998 seconds
Avg sample train. time: 0.010047847470643655 seconds
Epoch 54 Training Summary: epoch: 54.000000 | loss: 0.000736 | 
Epoch runtime: 0.0 hours, 0.0 minutes, 2.7622780799865723 seconds

Avg epoch train. time: 0.0 hours, 0.0 minutes, 2.694109325055723 seconds
Avg batch train. time: 0.898036441685241 seconds
Avg sample train. time: 0.010052646735282549 seconds
Evaluating on validation set ...
Validation runtime: 0.0 hours, 0.0 minutes, 0.9912331104278564 seconds

Avg val. time: 0.0 hours, 0.0 minutes, 0.95152603346726 seconds
Avg batch val. time: 0.31717534448908663 seconds
Avg sample val. time: 0.003247529124461638 seconds
Epoch 54 Validation Summary: epoch: 54.000000 | loss: 1.592988 | accuracy: 0.829352 | precision: 0.845961 | AUROC: 0.926218 | AUPRC: 0.929390 | 
Epoch 55 Training Summary: epoch: 55.000000 | loss: 0.006338 | 
Epoch runtime: 0.0 hours, 0.0 minutes, 2.748598098754883 seconds

Avg epoch train. time: 0.0 hours, 0.0 minutes, 2.695100030032071 seconds
Avg batch train. time: 0.898366676677357 seconds
Avg sample train. time: 0.010056343395642056 seconds
Epoch 56 Training Summary: epoch: 56.000000 | loss: 0.000426 | 
Epoch runtime: 0.0 hours, 0.0 minutes, 2.75174880027771 seconds

Avg epoch train. time: 0.0 hours, 0.0 minutes, 2.696111615215029 seconds
Avg batch train. time: 0.898703871738343 seconds
Avg sample train. time: 0.010060117967220257 seconds
Evaluating on validation set ...
Validation runtime: 0.0 hours, 0.0 minutes, 0.9852938652038574 seconds

Avg val. time: 0.0 hours, 0.0 minutes, 0.9526516278584798 seconds
Avg batch val. time: 0.3175505426194933 seconds
Avg sample val. time: 0.0032513707435442994 seconds
Epoch 56 Validation Summary: epoch: 56.000000 | loss: 1.515571 | accuracy: 0.836177 | precision: 0.850990 | AUROC: 0.931647 | AUPRC: 0.934818 | 
Epoch 57 Training Summary: epoch: 57.000000 | loss: 0.007476 | 
Epoch runtime: 0.0 hours, 0.0 minutes, 2.7584617137908936 seconds

Avg epoch train. time: 0.0 hours, 0.0 minutes, 2.697205476593553 seconds
Avg batch train. time: 0.899068492197851 seconds
Avg sample train. time: 0.010064199539528182 seconds
Epoch 58 Training Summary: epoch: 58.000000 | loss: 0.000136 | 
Epoch runtime: 0.0 hours, 0.0 minutes, 2.751300811767578 seconds

Avg epoch train. time: 0.0 hours, 0.0 minutes, 2.6981381547862084 seconds
Avg batch train. time: 0.8993793849287361 seconds
Avg sample train. time: 0.01006767968203809 seconds
Evaluating on validation set ...
Validation runtime: 0.0 hours, 0.0 minutes, 0.9977247714996338 seconds

Avg val. time: 0.0 hours, 0.0 minutes, 0.9541056002340009 seconds
Avg batch val. time: 0.3180352000780003 seconds
Avg sample val. time: 0.003256333106600686 seconds
Epoch 58 Validation Summary: epoch: 58.000000 | loss: 1.367195 | accuracy: 0.832765 | precision: 0.846434 | AUROC: 0.926055 | AUPRC: 0.927408 | 
Epoch 59 Training Summary: epoch: 59.000000 | loss: 0.010156 | 
Epoch runtime: 0.0 hours, 0.0 minutes, 2.7680656909942627 seconds

Avg epoch train. time: 0.0 hours, 0.0 minutes, 2.699323367264311 seconds
Avg batch train. time: 0.8997744557547703 seconds
Avg sample train. time: 0.010072102116657877 seconds
Epoch 60 Training Summary: epoch: 60.000000 | loss: 0.001594 | 
Epoch runtime: 0.0 hours, 0.0 minutes, 2.772887945175171 seconds

Avg epoch train. time: 0.0 hours, 0.0 minutes, 2.7005494435628257 seconds
Avg batch train. time: 0.9001831478542752 seconds
Avg sample train. time: 0.010076677028219499 seconds
Evaluating on validation set ...
Validation runtime: 0.0 hours, 0.0 minutes, 0.9902112483978271 seconds

Avg val. time: 0.0 hours, 0.0 minutes, 0.9552339017391205 seconds
Avg batch val. time: 0.31841130057970685 seconds
Avg sample val. time: 0.0032601839649799335 seconds
Epoch 60 Validation Summary: epoch: 60.000000 | loss: 1.105343 | accuracy: 0.870307 | precision: 0.876034 | AUROC: 0.948653 | AUPRC: 0.952681 | 
Epoch 61 Training Summary: epoch: 61.000000 | loss: 0.000146 | 
Epoch runtime: 0.0 hours, 0.0 minutes, 2.7552759647369385 seconds

Avg epoch train. time: 0.0 hours, 0.0 minutes, 2.701446599647647 seconds
Avg batch train. time: 0.900482199882549 seconds
Avg sample train. time: 0.010080024625550922 seconds
Epoch 62 Training Summary: epoch: 62.000000 | loss: 0.000391 | 
Epoch runtime: 0.0 hours, 0.0 minutes, 2.776993751525879 seconds

Avg epoch train. time: 0.0 hours, 0.0 minutes, 2.702665102097296 seconds
Avg batch train. time: 0.9008883673657654 seconds
Avg sample train. time: 0.010084571276482449 seconds
Evaluating on validation set ...
Validation runtime: 0.0 hours, 0.0 minutes, 0.9880728721618652 seconds

Avg val. time: 0.0 hours, 0.0 minutes, 0.9562290220549612 seconds
Avg batch val. time: 0.31874300735165373 seconds
Avg sample val. time: 0.003263580280051062 seconds
Epoch 62 Validation Summary: epoch: 62.000000 | loss: 1.135518 | accuracy: 0.856655 | precision: 0.863490 | AUROC: 0.945345 | AUPRC: 0.950284 | 
Epoch 63 Training Summary: epoch: 63.000000 | loss: 0.000301 | 
Epoch runtime: 0.0 hours, 0.0 minutes, 2.7696986198425293 seconds

Avg epoch train. time: 0.0 hours, 0.0 minutes, 2.70372912618849 seconds
Avg batch train. time: 0.90124304206283 seconds
Avg sample train. time: 0.010088541515628694 seconds
Epoch 64 Training Summary: epoch: 64.000000 | loss: 0.000579 | 
Epoch runtime: 0.0 hours, 0.0 minutes, 2.7674245834350586 seconds

Avg epoch train. time: 0.0 hours, 0.0 minutes, 2.7047243677079678 seconds
Avg batch train. time: 0.9015747892359892 seconds
Avg sample train. time: 0.01009225510338794 seconds
Evaluating on validation set ...
Validation runtime: 0.0 hours, 0.0 minutes, 0.8992292881011963 seconds

Avg val. time: 0.0 hours, 0.0 minutes, 0.9545525592916152 seconds
Avg batch val. time: 0.3181841864305384 seconds
Avg sample val. time: 0.0032578585641352053 seconds
Epoch 64 Validation Summary: epoch: 64.000000 | loss: 1.291622 | accuracy: 0.839590 | precision: 0.848251 | AUROC: 0.930878 | AUPRC: 0.932688 | 
Epoch 65 Training Summary: epoch: 65.000000 | loss: 0.001821 | 
Epoch runtime: 0.0 hours, 0.0 minutes, 2.7760088443756104 seconds

Avg epoch train. time: 0.0 hours, 0.0 minutes, 2.705821051964393 seconds
Avg batch train. time: 0.9019403506547977 seconds
Avg sample train. time: 0.010096347208822362 seconds
Epoch 66 Training Summary: epoch: 66.000000 | loss: 0.015635 | 
Epoch runtime: 0.0 hours, 0.0 minutes, 2.752629280090332 seconds

Avg epoch train. time: 0.0 hours, 0.0 minutes, 2.7065302675420586 seconds
Avg batch train. time: 0.9021767558473529 seconds
Avg sample train. time: 0.010098993535604697 seconds
Evaluating on validation set ...
Validation runtime: 0.0 hours, 0.0 minutes, 0.8922810554504395 seconds

Avg val. time: 0.0 hours, 0.0 minutes, 0.9527733734675816 seconds
Avg batch val. time: 0.31759112448919385 seconds
Avg sample val. time: 0.003251786257568538 seconds
Epoch 66 Validation Summary: epoch: 66.000000 | loss: 1.001267 | accuracy: 0.856655 | precision: 0.856935 | AUROC: 0.933883 | AUPRC: 0.938643 | 
Epoch 67 Training Summary: epoch: 67.000000 | loss: 0.000406 | 
Epoch runtime: 0.0 hours, 0.0 minutes, 2.774325132369995 seconds

Avg epoch train. time: 0.0 hours, 0.0 minutes, 2.707542131196207 seconds
Avg batch train. time: 0.902514043732069 seconds
Avg sample train. time: 0.010102769146254503 seconds
Epoch 68 Training Summary: epoch: 68.000000 | loss: 0.001123 | 
Epoch runtime: 0.0 hours, 0.0 minutes, 2.636033296585083 seconds

Avg epoch train. time: 0.0 hours, 0.0 minutes, 2.70649053068722 seconds
Avg batch train. time: 0.9021635102290734 seconds
Avg sample train. time: 0.010098845263758283 seconds
Evaluating on validation set ...
Validation runtime: 0.0 hours, 0.0 minutes, 0.992525577545166 seconds

Avg val. time: 0.0 hours, 0.0 minutes, 0.9538776013586256 seconds
Avg batch val. time: 0.31795920045287523 seconds
Avg sample val. time: 0.0032555549534424083 seconds
Epoch 68 Validation Summary: epoch: 68.000000 | loss: 1.003754 | accuracy: 0.863481 | precision: 0.864073 | AUROC: 0.944413 | AUPRC: 0.952037 | 
Epoch 69 Training Summary: epoch: 69.000000 | loss: 0.007708 | 
Epoch runtime: 0.0 hours, 0.0 minutes, 2.7181897163391113 seconds

Avg epoch train. time: 0.0 hours, 0.0 minutes, 2.706660084102465 seconds
Avg batch train. time: 0.9022200280341549 seconds
Avg sample train. time: 0.010099477925755466 seconds
Epoch 70 Training Summary: epoch: 70.000000 | loss: 0.006255 | 
Epoch runtime: 0.0 hours, 0.0 minutes, 2.767754316329956 seconds

Avg epoch train. time: 0.0 hours, 0.0 minutes, 2.707532858848572 seconds
Avg batch train. time: 0.902510952949524 seconds
Avg sample train. time: 0.010102734547942433 seconds
Evaluating on validation set ...
Validation runtime: 0.0 hours, 0.0 minutes, 0.9961068630218506 seconds

Avg val. time: 0.0 hours, 0.0 minutes, 0.955018932754929 seconds
Avg batch val. time: 0.318339644251643 seconds
Avg sample val. time: 0.0032594502824400307 seconds
Epoch 70 Validation Summary: epoch: 70.000000 | loss: 1.423097 | accuracy: 0.829352 | precision: 0.843871 | AUROC: 0.939358 | AUPRC: 0.942330 | 
Epoch 71 Training Summary: epoch: 71.000000 | loss: 0.000984 | 
Epoch runtime: 0.0 hours, 0.0 minutes, 2.6498026847839355 seconds

Avg epoch train. time: 0.0 hours, 0.0 minutes, 2.706719757805408 seconds
Avg batch train. time: 0.9022399192684692 seconds
Avg sample train. time: 0.010099700588826149 seconds
Epoch 72 Training Summary: epoch: 72.000000 | loss: 0.000216 | 
Epoch runtime: 0.0 hours, 0.0 minutes, 2.7609403133392334 seconds

Avg epoch train. time: 0.0 hours, 0.0 minutes, 2.707472821076711 seconds
Avg batch train. time: 0.9024909403589038 seconds
Avg sample train. time: 0.010102510526405638 seconds
Evaluating on validation set ...
Validation runtime: 0.0 hours, 0.0 minutes, 0.9945731163024902 seconds

Avg val. time: 0.0 hours, 0.0 minutes, 0.9560598323219701 seconds
Avg batch val. time: 0.31868661077399 seconds
Avg sample val. time: 0.0032630028406893177 seconds
Epoch 72 Validation Summary: epoch: 72.000000 | loss: 1.333617 | accuracy: 0.870307 | precision: 0.877395 | AUROC: 0.944949 | AUPRC: 0.947073 | 
Epoch 73 Training Summary: epoch: 73.000000 | loss: 0.000680 | 
Epoch runtime: 0.0 hours, 0.0 minutes, 2.7560155391693115 seconds

Avg epoch train. time: 0.0 hours, 0.0 minutes, 2.7081377898177057 seconds
Avg batch train. time: 0.9027125966059019 seconds
Avg sample train. time: 0.010104991753051141 seconds
Epoch 74 Training Summary: epoch: 74.000000 | loss: 0.001135 | 
Epoch runtime: 0.0 hours, 0.0 minutes, 2.7888543605804443 seconds

Avg epoch train. time: 0.0 hours, 0.0 minutes, 2.7092285542874723 seconds
Avg batch train. time: 0.9030761847624907 seconds
Avg sample train. time: 0.010109061769729375 seconds
Evaluating on validation set ...
Validation runtime: 0.0 hours, 0.0 minutes, 0.9126591682434082 seconds

Avg val. time: 0.0 hours, 0.0 minutes, 0.9549469947814941 seconds
Avg batch val. time: 0.31831566492716473 seconds
Avg sample val. time: 0.0032592047603463964 seconds
Epoch 74 Validation Summary: epoch: 74.000000 | loss: 1.304162 | accuracy: 0.870307 | precision: 0.873761 | AUROC: 0.941408 | AUPRC: 0.945168 | 
Epoch 75 Training Summary: epoch: 75.000000 | loss: 0.000900 | 
Epoch runtime: 0.0 hours, 0.0 minutes, 2.7898902893066406 seconds

Avg epoch train. time: 0.0 hours, 0.0 minutes, 2.710304044087728 seconds
Avg batch train. time: 0.903434681362576 seconds
Avg sample train. time: 0.010113074791372119 seconds
Epoch 76 Training Summary: epoch: 76.000000 | loss: 0.001289 | 
Epoch runtime: 0.0 hours, 0.0 minutes, 2.765688180923462 seconds

Avg epoch train. time: 0.0 hours, 0.0 minutes, 2.711032782730303 seconds
Avg batch train. time: 0.9036775942434344 seconds
Avg sample train. time: 0.010115793965411578 seconds
Evaluating on validation set ...
Validation runtime: 0.0 hours, 0.0 minutes, 0.9981310367584229 seconds

Avg val. time: 0.0 hours, 0.0 minutes, 0.9560265958309173 seconds
Avg batch val. time: 0.3186755319436391 seconds
Avg sample val. time: 0.003262889405566271 seconds
Epoch 76 Validation Summary: epoch: 76.000000 | loss: 1.505230 | accuracy: 0.843003 | precision: 0.858109 | AUROC: 0.948770 | AUPRC: 0.950972 | 
Epoch 77 Training Summary: epoch: 77.000000 | loss: 0.000050 | 
Epoch runtime: 0.0 hours, 0.0 minutes, 2.7639660835266113 seconds

Avg epoch train. time: 0.0 hours, 0.0 minutes, 2.7117202281951904 seconds
Avg batch train. time: 0.9039067427317301 seconds
Avg sample train. time: 0.010118359060429814 seconds
Epoch 78 Training Summary: epoch: 78.000000 | loss: 0.000032 | 
Epoch runtime: 0.0 hours, 0.0 minutes, 2.7784247398376465 seconds

Avg epoch train. time: 0.0 hours, 0.0 minutes, 2.7125754142418885 seconds
Avg batch train. time: 0.9041918047472962 seconds
Avg sample train. time: 0.010121550053141375 seconds
Evaluating on validation set ...
Validation runtime: 0.0 hours, 0.0 minutes, 0.9243316650390625 seconds

Avg val. time: 0.0 hours, 0.0 minutes, 0.955253548738433 seconds
Avg batch val. time: 0.31841784957947766 seconds
Avg sample val. time: 0.0032602510195850957 seconds
Epoch 78 Validation Summary: epoch: 78.000000 | loss: 2.019493 | accuracy: 0.836177 | precision: 0.857890 | AUROC: 0.948071 | AUPRC: 0.952086 | 
Epoch 79 Training Summary: epoch: 79.000000 | loss: 0.000198 | 
Epoch runtime: 0.0 hours, 0.0 minutes, 2.763157844543457 seconds

Avg epoch train. time: 0.0 hours, 0.0 minutes, 2.7132156981697566 seconds
Avg batch train. time: 0.9044052327232522 seconds
Avg sample train. time: 0.010123939172275212 seconds
Epoch 80 Training Summary: epoch: 80.000000 | loss: 0.000294 | 
Epoch runtime: 0.0 hours, 0.0 minutes, 2.7752859592437744 seconds

Avg epoch train. time: 0.0 hours, 0.0 minutes, 2.7139915764331817 seconds
Avg batch train. time: 0.9046638588110606 seconds
Avg sample train. time: 0.01012683424042232 seconds
Evaluating on validation set ...
Validation runtime: 0.0 hours, 0.0 minutes, 1.0002331733703613 seconds

Avg val. time: 0.0 hours, 0.0 minutes, 0.9563244921820504 seconds
Avg batch val. time: 0.31877483072735013 seconds
Avg sample val. time: 0.003263906116662288 seconds
Epoch 80 Validation Summary: epoch: 80.000000 | loss: 1.787502 | accuracy: 0.856655 | precision: 0.872348 | AUROC: 0.954804 | AUPRC: 0.958452 | 
Epoch 81 Training Summary: epoch: 81.000000 | loss: 0.000609 | 
Epoch runtime: 0.0 hours, 0.0 minutes, 2.761693000793457 seconds

Avg epoch train. time: 0.0 hours, 0.0 minutes, 2.7145804829067655 seconds
Avg batch train. time: 0.9048601609689219 seconds
Avg sample train. time: 0.010129031652637184 seconds
Epoch 82 Training Summary: epoch: 82.000000 | loss: 0.000011 | 
Epoch runtime: 0.0 hours, 0.0 minutes, 2.782114028930664 seconds

Avg epoch train. time: 0.0 hours, 0.0 minutes, 2.715404062736325 seconds
Avg batch train. time: 0.905134687578775 seconds
Avg sample train. time: 0.010132104711702705 seconds
Evaluating on validation set ...
Validation runtime: 0.0 hours, 0.0 minutes, 0.892261266708374 seconds

Avg val. time: 0.0 hours, 0.0 minutes, 0.9548346497291742 seconds
Avg batch val. time: 0.3182782165763914 seconds
Avg sample val. time: 0.0032588213301337 seconds
Epoch 82 Validation Summary: epoch: 82.000000 | loss: 1.292264 | accuracy: 0.883959 | precision: 0.892869 | AUROC: 0.956505 | AUPRC: 0.958538 | 
Epoch 83 Training Summary: epoch: 83.000000 | loss: 0.000010 | 
Epoch runtime: 0.0 hours, 0.0 minutes, 2.7661378383636475 seconds

Avg epoch train. time: 0.0 hours, 0.0 minutes, 2.716015313045088 seconds
Avg batch train. time: 0.9053384376816961 seconds
Avg sample train. time: 0.010134385496436896 seconds
Epoch 84 Training Summary: epoch: 84.000000 | loss: 0.000020 | 
Epoch runtime: 0.0 hours, 0.0 minutes, 2.7606027126312256 seconds

Avg epoch train. time: 0.0 hours, 0.0 minutes, 2.7165461154211137 seconds
Avg batch train. time: 0.9055153718070379 seconds
Avg sample train. time: 0.010136366102317588 seconds
Evaluating on validation set ...
Validation runtime: 0.0 hours, 0.0 minutes, 1.000309705734253 seconds

Avg val. time: 0.0 hours, 0.0 minutes, 0.9558681737292897 seconds
Avg batch val. time: 0.31862272457642987 seconds
Avg sample val. time: 0.0032623487157996236 seconds
Epoch 84 Validation Summary: epoch: 84.000000 | loss: 1.181459 | accuracy: 0.894198 | precision: 0.898409 | AUROC: 0.956202 | AUPRC: 0.957755 | 
Epoch 85 Training Summary: epoch: 85.000000 | loss: 0.000561 | 
Epoch runtime: 0.0 hours, 0.0 minutes, 2.7775604724884033 seconds

Avg epoch train. time: 0.0 hours, 0.0 minutes, 2.717263931386611 seconds
Avg batch train. time: 0.9057546437955369 seconds
Avg sample train. time: 0.010139044520099295 seconds
Epoch 86 Training Summary: epoch: 86.000000 | loss: 0.008339 | 
Epoch runtime: 0.0 hours, 0.0 minutes, 2.7751903533935547 seconds

Avg epoch train. time: 0.0 hours, 0.0 minutes, 2.7179374944332033 seconds
Avg batch train. time: 0.9059791648110678 seconds
Avg sample train. time: 0.010141557815049267 seconds
Evaluating on validation set ...
Validation runtime: 0.0 hours, 0.0 minutes, 0.9901745319366455 seconds

Avg val. time: 0.0 hours, 0.0 minutes, 0.9566305372450087 seconds
Avg batch val. time: 0.31887684574833625 seconds
Avg sample val. time: 0.003264950639061463 seconds
Epoch 86 Validation Summary: epoch: 86.000000 | loss: 1.168885 | accuracy: 0.877133 | precision: 0.881729 | AUROC: 0.947489 | AUPRC: 0.949072 | 
Epoch 87 Training Summary: epoch: 87.000000 | loss: 0.003217 | 
Epoch runtime: 0.0 hours, 0.0 minutes, 2.810413122177124 seconds

Avg epoch train. time: 0.0 hours, 0.0 minutes, 2.7190004326831336 seconds
Avg batch train. time: 0.9063334775610445 seconds
Avg sample train. time: 0.010145524002549006 seconds
Epoch 88 Training Summary: epoch: 88.000000 | loss: 0.000040 | 
Epoch runtime: 0.0 hours, 0.0 minutes, 2.795368194580078 seconds

Avg epoch train. time: 0.0 hours, 0.0 minutes, 2.7198682481592353 seconds
Avg batch train. time: 0.9066227493864117 seconds
Avg sample train. time: 0.010148762119997146 seconds
Evaluating on validation set ...
Validation runtime: 0.0 hours, 0.0 minutes, 0.9880661964416504 seconds

Avg val. time: 0.0 hours, 0.0 minutes, 0.9573139211405879 seconds
Avg batch val. time: 0.319104640380196 seconds
Avg sample val. time: 0.0032672830073057608 seconds
Epoch 88 Validation Summary: epoch: 88.000000 | loss: 1.169716 | accuracy: 0.887372 | precision: 0.891513 | AUROC: 0.961164 | AUPRC: 0.962643 | 
Epoch 89 Training Summary: epoch: 89.000000 | loss: 0.020251 | 
Epoch runtime: 0.0 hours, 0.0 minutes, 2.779661178588867 seconds

Avg epoch train. time: 0.0 hours, 0.0 minutes, 2.7205400788382197 seconds
Avg batch train. time: 0.9068466929460732 seconds
Avg sample train. time: 0.01015126895088888 seconds
Epoch 90 Training Summary: epoch: 90.000000 | loss: 0.004825 | 
Epoch runtime: 0.0 hours, 0.0 minutes, 2.7681896686553955 seconds

Avg epoch train. time: 0.0 hours, 0.0 minutes, 2.7210695187250775 seconds
Avg batch train. time: 0.9070231729083592 seconds
Avg sample train. time: 0.010153244472854766 seconds
Evaluating on validation set ...
Validation runtime: 0.0 hours, 0.0 minutes, 0.9917163848876953 seconds

Avg val. time: 0.0 hours, 0.0 minutes, 0.9580458884543561 seconds
Avg batch val. time: 0.3193486294847854 seconds
Avg sample val. time: 0.003269781189264014 seconds
Epoch 90 Validation Summary: epoch: 90.000000 | loss: 1.422201 | accuracy: 0.866894 | precision: 0.876229 | AUROC: 0.951146 | AUPRC: 0.953773 | 
Epoch 91 Training Summary: epoch: 91.000000 | loss: 0.023691 | 
Epoch runtime: 0.0 hours, 0.0 minutes, 2.766451358795166 seconds

Avg epoch train. time: 0.0 hours, 0.0 minutes, 2.721568220264309 seconds
Avg batch train. time: 0.9071894067547697 seconds
Avg sample train. time: 0.01015510529949369 seconds
Epoch 92 Training Summary: epoch: 92.000000 | loss: 0.004220 | 
Epoch runtime: 0.0 hours, 0.0 minutes, 2.7617404460906982 seconds

Avg epoch train. time: 0.0 hours, 0.0 minutes, 2.722004874892857 seconds
Avg batch train. time: 0.907334958297619 seconds
Avg sample train. time: 0.010156734607809168 seconds
Evaluating on validation set ...
Validation runtime: 0.0 hours, 0.0 minutes, 0.901517391204834 seconds

Avg val. time: 0.0 hours, 0.0 minutes, 0.9568682114283243 seconds
Avg batch val. time: 0.31895607047610813 seconds
Avg sample val. time: 0.003265761813748547 seconds
Epoch 92 Validation Summary: epoch: 92.000000 | loss: 1.549147 | accuracy: 0.860068 | precision: 0.869101 | AUROC: 0.923772 | AUPRC: 0.934880 | 
Epoch 93 Training Summary: epoch: 93.000000 | loss: 0.046299 | 
Epoch runtime: 0.0 hours, 0.0 minutes, 2.7368414402008057 seconds

Avg epoch train. time: 0.0 hours, 0.0 minutes, 2.7221644078531573 seconds
Avg batch train. time: 0.9073881359510524 seconds
Avg sample train. time: 0.010157329880049094 seconds
Epoch 94 Training Summary: epoch: 94.000000 | loss: 0.037663 | 
Epoch runtime: 0.0 hours, 0.0 minutes, 2.7611050605773926 seconds

Avg epoch train. time: 0.0 hours, 0.0 minutes, 2.722578670116181 seconds
Avg batch train. time: 0.9075262233720603 seconds
Avg sample train. time: 0.01015887563476187 seconds
Evaluating on validation set ...
Validation runtime: 0.0 hours, 0.0 minutes, 0.9955463409423828 seconds

Avg val. time: 0.0 hours, 0.0 minutes, 0.9576575610102439 seconds
Avg batch val. time: 0.3192191870034146 seconds
Avg sample val. time: 0.0032684558396254056 seconds
Epoch 94 Validation Summary: epoch: 94.000000 | loss: 1.460089 | accuracy: 0.877133 | precision: 0.880647 | AUROC: 0.944973 | AUPRC: 0.950083 | 
Epoch 95 Training Summary: epoch: 95.000000 | loss: 0.036544 | 
Epoch runtime: 0.0 hours, 0.0 minutes, 2.7501206398010254 seconds

Avg epoch train. time: 0.0 hours, 0.0 minutes, 2.7228685855865478 seconds
Avg batch train. time: 0.9076228618621826 seconds
Avg sample train. time: 0.010159957408905029 seconds
Epoch 96 Training Summary: epoch: 96.000000 | loss: 0.005881 | 
Epoch runtime: 0.0 hours, 0.0 minutes, 2.756495237350464 seconds

Avg epoch train. time: 0.0 hours, 0.0 minutes, 2.723218863209089 seconds
Avg batch train. time: 0.9077396210696963 seconds
Avg sample train. time: 0.010161264414959287 seconds
Evaluating on validation set ...
Validation runtime: 0.0 hours, 0.0 minutes, 0.8889737129211426 seconds

Avg val. time: 0.0 hours, 0.0 minutes, 0.9562838840484619 seconds
Avg batch val. time: 0.3187612946828206 seconds
Avg sample val. time: 0.0032637675223496994 seconds
Epoch 96 Validation Summary: epoch: 96.000000 | loss: 2.228405 | accuracy: 0.849829 | precision: 0.850438 | AUROC: 0.911005 | AUPRC: 0.923685 | 
Epoch 97 Training Summary: epoch: 97.000000 | loss: 0.026829 | 
Epoch runtime: 0.0 hours, 0.0 minutes, 2.7519428730010986 seconds

Avg epoch train. time: 0.0 hours, 0.0 minutes, 2.7235149870213773 seconds
Avg batch train. time: 0.9078383290071258 seconds
Avg sample train. time: 0.010162369354557377 seconds
Epoch 98 Training Summary: epoch: 98.000000 | loss: 0.172398 | 
Epoch runtime: 0.0 hours, 0.0 minutes, 2.7713675498962402 seconds

Avg epoch train. time: 0.0 hours, 0.0 minutes, 2.7240032784792843 seconds
Avg batch train. time: 0.908001092826428 seconds
Avg sample train. time: 0.01016419133760927 seconds
Evaluating on validation set ...
Validation runtime: 0.0 hours, 0.0 minutes, 0.999701738357544 seconds

Avg val. time: 0.0 hours, 0.0 minutes, 0.9571352145251106 seconds
Avg batch val. time: 0.3190450715083702 seconds
Avg sample val. time: 0.0032666730871164186 seconds
Epoch 98 Validation Summary: epoch: 98.000000 | loss: 2.383630 | accuracy: 0.815700 | precision: 0.818551 | AUROC: 0.881768 | AUPRC: 0.901588 | 
Epoch 99 Training Summary: epoch: 99.000000 | loss: 0.008059 | 
Epoch runtime: 0.0 hours, 0.0 minutes, 2.7544329166412354 seconds

Avg epoch train. time: 0.0 hours, 0.0 minutes, 2.7243106485617283 seconds
Avg batch train. time: 0.9081035495205761 seconds
Avg sample train. time: 0.010165338240901971 seconds
Epoch 100 Training Summary: epoch: 100.000000 | loss: 0.108421 | 
Epoch runtime: 0.0 hours, 0.0 minutes, 2.7587738037109375 seconds

Avg epoch train. time: 0.0 hours, 0.0 minutes, 2.72465528011322 seconds
Avg batch train. time: 0.9082184267044067 seconds
Avg sample train. time: 0.010166624179526941 seconds
Evaluating on validation set ...
Validation runtime: 0.0 hours, 0.0 minutes, 0.9883022308349609 seconds

Avg val. time: 0.0 hours, 0.0 minutes, 0.957734580223377 seconds
Avg batch val. time: 0.319244860074459 seconds
Avg sample val. time: 0.0032687187038340513 seconds
Epoch 100 Validation Summary: epoch: 100.000000 | loss: 4.201909 | accuracy: 0.706485 | precision: 0.721129 | AUROC: 0.774951 | AUPRC: 0.799132 | 
Best accuracy was 0.9283276450511946. Other metrics: OrderedDict([('epoch', 8), ('loss', 0.2517799712692105), ('accuracy', 0.9283276450511946), ('precision', 0.9288354042160882), ('AUROC', 0.9667318982387475), ('AUPRC', 0.971596247566216)])
All Done!
Total runtime: 0.0 hours, 5.0 minutes, 46.13973379135132 seconds

